{"/Users/lusansui/Documents/trae_build_project/project_baoyan/backend/src/app.module.ts": {"path":"/Users/lusansui/Documents/trae_build_project/project_baoyan/backend/src/app.module.ts","statementMap":{"0":{"start":{"line":1,"column":0},"end":{"line":1,"column":72}},"1":{"start":{"line":2,"column":0},"end":{"line":2,"column":46}},"2":{"start":{"line":3,"column":0},"end":{"line":3,"column":50}},"3":{"start":{"line":4,"column":0},"end":{"line":4,"column":62}},"4":{"start":{"line":5,"column":0},"end":{"line":5,"column":56}},"5":{"start":{"line":6,"column":0},"end":{"line":6,"column":74}},"6":{"start":{"line":7,"column":0},"end":{"line":7,"column":56}},"7":{"start":{"line":8,"column":0},"end":{"line":8,"column":68}},"8":{"start":{"line":9,"column":0},"end":{"line":9,"column":65}},"9":{"start":{"line":10,"column":0},"end":{"line":10,"column":56}},"10":{"start":{"line":11,"column":0},"end":{"line":11,"column":54}},"11":{"start":{"line":12,"column":0},"end":{"line":12,"column":80}},"12":{"start":{"line":13,"column":0},"end":{"line":13,"column":73}},"13":{"start":{"line":41,"column":7},"end":{"line":47,"column":null}},"14":{"start":{"line":43,"column":4},"end":{"line":45,"column":22}},"15":{"start":{"line":41,"column":13},"end":{"line":41,"column":22}},"16":{"start":{"line":41,"column":13},"end":{"line":47,"column":null}}},"fnMap":{"0":{"name":"(anonymous_1)","decl":{"start":{"line":42,"column":2},"end":{"line":42,"column":11}},"loc":{"start":{"line":42,"column":40},"end":{"line":46,"column":3}}}},"branchMap":{},"s":{"0":0,"1":0,"2":0,"3":0,"4":0,"5":0,"6":0,"7":0,"8":0,"9":0,"10":0,"11":0,"12":0,"13":0,"14":0,"15":0,"16":0},"f":{"0":0},"b":{}}
,"/Users/lusansui/Documents/trae_build_project/project_baoyan/backend/src/common/common.module.ts": {"path":"/Users/lusansui/Documents/trae_build_project/project_baoyan/backend/src/common/common.module.ts","statementMap":{"0":{"start":{"line":1,"column":0},"end":{"line":1,"column":48}},"1":{"start":{"line":2,"column":0},"end":{"line":2,"column":61}},"2":{"start":{"line":3,"column":0},"end":{"line":3,"column":40}},"3":{"start":{"line":4,"column":0},"end":{"line":4,"column":56}},"4":{"start":{"line":5,"column":0},"end":{"line":5,"column":55}},"5":{"start":{"line":29,"column":7},"end":{"line":29,"column":null}},"6":{"start":{"line":29,"column":13},"end":{"line":29,"column":25}},"7":{"start":{"line":29,"column":13},"end":{"line":29,"column":null}},"8":{"start":{"line":17,"column":59},"end":{"line":22,"column":8}}},"fnMap":{"0":{"name":"(anonymous_1)","decl":{"start":{"line":17,"column":18},"end":{"line":17,"column":23}},"loc":{"start":{"line":17,"column":59},"end":{"line":22,"column":8}}}},"branchMap":{},"s":{"0":0,"1":0,"2":0,"3":0,"4":0,"5":0,"6":0,"7":0,"8":0},"f":{"0":0},"b":{}}
,"/Users/lusansui/Documents/trae_build_project/project_baoyan/backend/src/common/decorators/cache.decorator.ts": {"path":"/Users/lusansui/Documents/trae_build_project/project_baoyan/backend/src/common/decorators/cache.decorator.ts","statementMap":{"0":{"start":{"line":1,"column":0},"end":{"line":1,"column":45}},"1":{"start":{"line":6,"column":13},"end":{"line":6,"column":46}},"2":{"start":{"line":7,"column":13},"end":{"line":7,"column":46}},"3":{"start":{"line":23,"column":21},"end":{"line":33,"column":1}},"4":{"start":{"line":24,"column":2},"end":{"line":32,"column":4}},"5":{"start":{"line":29,"column":4},"end":{"line":29,"column":74}},"6":{"start":{"line":30,"column":4},"end":{"line":30,"column":74}},"7":{"start":{"line":31,"column":4},"end":{"line":31,"column":22}},"8":{"start":{"line":23,"column":13},"end":{"line":23,"column":21}},"9":{"start":{"line":45,"column":26},"end":{"line":47,"column":1}},"10":{"start":{"line":46,"column":2},"end":{"line":46,"column":53}},"11":{"start":{"line":45,"column":13},"end":{"line":45,"column":26}}},"fnMap":{"0":{"name":"(anonymous_0)","decl":{"start":{"line":23,"column":21},"end":{"line":23,"column":22}},"loc":{"start":{"line":23,"column":57},"end":{"line":33,"column":1}}},"1":{"name":"(anonymous_1)","decl":{"start":{"line":24,"column":9},"end":{"line":24,"column":null}},"loc":{"start":{"line":28,"column":6},"end":{"line":32,"column":3}}},"2":{"name":"(anonymous_2)","decl":{"start":{"line":45,"column":26},"end":{"line":45,"column":27}},"loc":{"start":{"line":45,"column":46},"end":{"line":47,"column":1}}}},"branchMap":{"0":{"loc":{"start":{"line":23,"column":35},"end":{"line":23,"column":53}},"type":"default-arg","locations":[{"start":{"line":23,"column":49},"end":{"line":23,"column":53}}]}},"s":{"0":0,"1":0,"2":0,"3":0,"4":0,"5":0,"6":0,"7":0,"8":0,"9":0,"10":0,"11":0},"f":{"0":0,"1":0,"2":0},"b":{"0":[0]}}
,"/Users/lusansui/Documents/trae_build_project/project_baoyan/backend/src/common/decorators/current-user.decorator.ts": {"path":"/Users/lusansui/Documents/trae_build_project/project_baoyan/backend/src/common/decorators/current-user.decorator.ts","statementMap":{"0":{"start":{"line":1,"column":0},"end":{"line":1,"column":72}},"1":{"start":{"line":7,"column":13},"end":{"line":14,"column":2}},"2":{"start":{"line":9,"column":20},"end":{"line":9,"column":51}},"3":{"start":{"line":10,"column":17},"end":{"line":10,"column":29}},"4":{"start":{"line":12,"column":4},"end":{"line":12,"column":38}}},"fnMap":{"0":{"name":"(anonymous_0)","decl":{"start":{"line":8,"column":2},"end":{"line":8,"column":3}},"loc":{"start":{"line":8,"column":57},"end":{"line":13,"column":3}}}},"branchMap":{"0":{"loc":{"start":{"line":12,"column":11},"end":{"line":12,"column":37}},"type":"cond-expr","locations":[{"start":{"line":12,"column":18},"end":{"line":12,"column":30}},{"start":{"line":12,"column":33},"end":{"line":12,"column":37}}]}},"s":{"0":0,"1":0,"2":0,"3":0,"4":0},"f":{"0":0},"b":{"0":[0,0]}}
,"/Users/lusansui/Documents/trae_build_project/project_baoyan/backend/src/common/filters/http-exception.filter.ts": {"path":"/Users/lusansui/Documents/trae_build_project/project_baoyan/backend/src/common/filters/http-exception.filter.ts","statementMap":{"0":{"start":{"line":1,"column":0},"end":{"line":1,"column":null}},"1":{"start":{"line":16,"column":32},"end":{"line":78,"column":null}},"2":{"start":{"line":17,"column":19},"end":{"line":17,"column":65}},"3":{"start":{"line":20,"column":16},"end":{"line":20,"column":35}},"4":{"start":{"line":21,"column":21},"end":{"line":21,"column":48}},"5":{"start":{"line":22,"column":20},"end":{"line":22,"column":36}},"6":{"start":{"line":24,"column":19},"end":{"line":24,"column":40}},"7":{"start":{"line":25,"column":30},"end":{"line":25,"column":53}},"8":{"start":{"line":28,"column":26},"end":{"line":34,"column":6}},"9":{"start":{"line":37,"column":4},"end":{"line":40,"column":6}},"10":{"start":{"line":42,"column":4},"end":{"line":42,"column":48}},"11":{"start":{"line":49,"column":49},"end":{"line":55,"column":6}},"12":{"start":{"line":56,"column":4},"end":{"line":56,"column":40}},"13":{"start":{"line":63,"column":4},"end":{"line":65,"column":5}},"14":{"start":{"line":64,"column":6},"end":{"line":64,"column":31}},"15":{"start":{"line":66,"column":4},"end":{"line":66,"column":59}},"16":{"start":{"line":73,"column":4},"end":{"line":75,"column":5}},"17":{"start":{"line":74,"column":6},"end":{"line":74,"column":86}},"18":{"start":{"line":76,"column":4},"end":{"line":76,"column":21}},"19":{"start":{"line":16,"column":13},"end":{"line":16,"column":32}},"20":{"start":{"line":16,"column":13},"end":{"line":78,"column":null}}},"fnMap":{"0":{"name":"(anonymous_1)","decl":{"start":{"line":16,"column":7},"end":{"line":16,"column":13}},"loc":{"start":{"line":16,"column":7},"end":{"line":78,"column":1}}},"1":{"name":"(anonymous_2)","decl":{"start":{"line":19,"column":2},"end":{"line":19,"column":7}},"loc":{"start":{"line":19,"column":53},"end":{"line":43,"column":3}}},"2":{"name":"(anonymous_3)","decl":{"start":{"line":48,"column":10},"end":{"line":48,"column":22}},"loc":{"start":{"line":48,"column":37},"end":{"line":57,"column":3}}},"3":{"name":"(anonymous_4)","decl":{"start":{"line":62,"column":10},"end":{"line":62,"column":25}},"loc":{"start":{"line":62,"column":60},"end":{"line":67,"column":3}}},"4":{"name":"(anonymous_5)","decl":{"start":{"line":72,"column":10},"end":{"line":72,"column":25}},"loc":{"start":{"line":72,"column":60},"end":{"line":77,"column":3}}}},"branchMap":{"0":{"loc":{"start":{"line":56,"column":11},"end":{"line":56,"column":39}},"type":"binary-expr","locations":[{"start":{"line":56,"column":11},"end":{"line":56,"column":31}},{"start":{"line":56,"column":35},"end":{"line":56,"column":39}}]},"1":{"loc":{"start":{"line":63,"column":4},"end":{"line":65,"column":5}},"type":"if","locations":[{"start":{"line":63,"column":4},"end":{"line":65,"column":5}}]},"2":{"loc":{"start":{"line":66,"column":12},"end":{"line":66,"column":58}},"type":"binary-expr","locations":[{"start":{"line":66,"column":12},"end":{"line":66,"column":45}},{"start":{"line":66,"column":49},"end":{"line":66,"column":58}}]},"3":{"loc":{"start":{"line":73,"column":4},"end":{"line":75,"column":5}},"type":"if","locations":[{"start":{"line":73,"column":4},"end":{"line":75,"column":5}}]},"4":{"loc":{"start":{"line":74,"column":14},"end":{"line":74,"column":85}},"type":"binary-expr","locations":[{"start":{"line":74,"column":14},"end":{"line":74,"column":47}},{"start":{"line":74,"column":52},"end":{"line":74,"column":85}}]}},"s":{"0":0,"1":0,"2":0,"3":0,"4":0,"5":0,"6":0,"7":0,"8":0,"9":0,"10":0,"11":0,"12":0,"13":0,"14":0,"15":0,"16":0,"17":0,"18":0,"19":0,"20":0},"f":{"0":0,"1":0,"2":0,"3":0,"4":0},"b":{"0":[0,0],"1":[0],"2":[0,0],"3":[0],"4":[0,0]}}
,"/Users/lusansui/Documents/trae_build_project/project_baoyan/backend/src/common/guards/jwt-auth.guard.ts": {"path":"/Users/lusansui/Documents/trae_build_project/project_baoyan/backend/src/common/guards/jwt-auth.guard.ts","statementMap":{"0":{"start":{"line":1,"column":0},"end":{"line":1,"column":null}},"1":{"start":{"line":7,"column":0},"end":{"line":7,"column":41}},"2":{"start":{"line":8,"column":0},"end":{"line":8,"column":47}},"3":{"start":{"line":15,"column":7},"end":{"line":50,"column":null}},"4":{"start":{"line":17,"column":21},"end":{"line":17,"column":33}},"5":{"start":{"line":18,"column":21},"end":{"line":18,"column":36}},"6":{"start":{"line":22,"column":20},"end":{"line":22,"column":55}},"7":{"start":{"line":23,"column":18},"end":{"line":23,"column":54}},"8":{"start":{"line":25,"column":4},"end":{"line":27,"column":5}},"9":{"start":{"line":26,"column":6},"end":{"line":26,"column":49}},"10":{"start":{"line":29,"column":4},"end":{"line":40,"column":5}},"11":{"start":{"line":30,"column":22},"end":{"line":32,"column":8}},"12":{"start":{"line":35,"column":6},"end":{"line":35,"column":29}},"13":{"start":{"line":37,"column":6},"end":{"line":37,"column":18}},"14":{"start":{"line":39,"column":6},"end":{"line":39,"column":50}},"15":{"start":{"line":47,"column":26},"end":{"line":47,"column":73}},"16":{"start":{"line":48,"column":4},"end":{"line":48,"column":49}},"17":{"start":{"line":15,"column":13},"end":{"line":15,"column":25}},"18":{"start":{"line":15,"column":13},"end":{"line":50,"column":null}}},"fnMap":{"0":{"name":"(anonymous_2)","decl":{"start":{"line":16,"column":2},"end":{"line":16,"column":null}},"loc":{"start":{"line":18,"column":49},"end":{"line":19,"column":6}}},"1":{"name":"(anonymous_3)","decl":{"start":{"line":21,"column":2},"end":{"line":21,"column":7}},"loc":{"start":{"line":21,"column":45},"end":{"line":41,"column":3}}},"2":{"name":"(anonymous_4)","decl":{"start":{"line":46,"column":10},"end":{"line":46,"column":32}},"loc":{"start":{"line":46,"column":45},"end":{"line":49,"column":3}}}},"branchMap":{"0":{"loc":{"start":{"line":25,"column":4},"end":{"line":27,"column":5}},"type":"if","locations":[{"start":{"line":25,"column":4},"end":{"line":27,"column":5}}]},"1":{"loc":{"start":{"line":47,"column":26},"end":{"line":47,"column":73}},"type":"binary-expr","locations":[{"start":{"line":47,"column":26},"end":{"line":47,"column":67}},{"start":{"line":47,"column":71},"end":{"line":47,"column":73}}]},"2":{"loc":{"start":{"line":48,"column":11},"end":{"line":48,"column":48}},"type":"cond-expr","locations":[{"start":{"line":48,"column":31},"end":{"line":48,"column":36}},{"start":{"line":48,"column":39},"end":{"line":48,"column":48}}]}},"s":{"0":0,"1":0,"2":0,"3":0,"4":0,"5":0,"6":0,"7":0,"8":0,"9":0,"10":0,"11":0,"12":0,"13":0,"14":0,"15":0,"16":0,"17":0,"18":0},"f":{"0":0,"1":0,"2":0},"b":{"0":[0],"1":[0,0],"2":[0,0]}}
,"/Users/lusansui/Documents/trae_build_project/project_baoyan/backend/src/common/middleware/logger.middleware.ts": {"path":"/Users/lusansui/Documents/trae_build_project/project_baoyan/backend/src/common/middleware/logger.middleware.ts","statementMap":{"0":{"start":{"line":1,"column":0},"end":{"line":1,"column":68}},"1":{"start":{"line":9,"column":7},"end":{"line":39,"column":null}},"2":{"start":{"line":10,"column":19},"end":{"line":10,"column":47}},"3":{"start":{"line":13,"column":18},"end":{"line":13,"column":28}},"4":{"start":{"line":14,"column":49},"end":{"line":14,"column":52}},"5":{"start":{"line":15,"column":22},"end":{"line":15,"column":56}},"6":{"start":{"line":18,"column":4},"end":{"line":18,"column":71}},"7":{"start":{"line":21,"column":4},"end":{"line":35,"column":7}},"8":{"start":{"line":22,"column":23},"end":{"line":22,"column":41}},"9":{"start":{"line":23,"column":29},"end":{"line":23,"column":32}},"10":{"start":{"line":24,"column":28},"end":{"line":24,"column":58}},"11":{"start":{"line":26,"column":22},"end":{"line":26,"column":102}},"12":{"start":{"line":28,"column":6},"end":{"line":34,"column":7}},"13":{"start":{"line":29,"column":8},"end":{"line":29,"column":35}},"14":{"start":{"line":30,"column":13},"end":{"line":34,"column":7}},"15":{"start":{"line":31,"column":8},"end":{"line":31,"column":34}},"16":{"start":{"line":33,"column":8},"end":{"line":33,"column":33}},"17":{"start":{"line":37,"column":4},"end":{"line":37,"column":11}},"18":{"start":{"line":9,"column":13},"end":{"line":9,"column":29}},"19":{"start":{"line":9,"column":13},"end":{"line":39,"column":null}}},"fnMap":{"0":{"name":"(anonymous_1)","decl":{"start":{"line":9,"column":7},"end":{"line":9,"column":13}},"loc":{"start":{"line":9,"column":7},"end":{"line":39,"column":1}}},"1":{"name":"(anonymous_2)","decl":{"start":{"line":12,"column":2},"end":{"line":12,"column":5}},"loc":{"start":{"line":12,"column":53},"end":{"line":38,"column":3}}},"2":{"name":"(anonymous_3)","decl":{"start":{"line":21,"column":21},"end":{"line":21,"column":24}},"loc":{"start":{"line":21,"column":26},"end":{"line":35,"column":5}}}},"branchMap":{"0":{"loc":{"start":{"line":15,"column":22},"end":{"line":15,"column":56}},"type":"binary-expr","locations":[{"start":{"line":15,"column":22},"end":{"line":15,"column":43}},{"start":{"line":15,"column":47},"end":{"line":15,"column":56}}]},"1":{"loc":{"start":{"line":24,"column":28},"end":{"line":24,"column":58}},"type":"binary-expr","locations":[{"start":{"line":24,"column":28},"end":{"line":24,"column":53}},{"start":{"line":24,"column":57},"end":{"line":24,"column":58}}]},"2":{"loc":{"start":{"line":28,"column":6},"end":{"line":34,"column":7}},"type":"if","locations":[{"start":{"line":28,"column":6},"end":{"line":34,"column":7}},{"start":{"line":30,"column":13},"end":{"line":34,"column":7}}]},"3":{"loc":{"start":{"line":30,"column":13},"end":{"line":34,"column":7}},"type":"if","locations":[{"start":{"line":30,"column":13},"end":{"line":34,"column":7}},{"start":{"line":32,"column":13},"end":{"line":34,"column":7}}]}},"s":{"0":0,"1":0,"2":0,"3":0,"4":0,"5":0,"6":0,"7":0,"8":0,"9":0,"10":0,"11":0,"12":0,"13":0,"14":0,"15":0,"16":0,"17":0,"18":0,"19":0},"f":{"0":0,"1":0,"2":0},"b":{"0":[0,0],"1":[0,0],"2":[0,0],"3":[0,0]}}
,"/Users/lusansui/Documents/trae_build_project/project_baoyan/backend/src/common/middleware/rate-limit.middleware.ts": {"path":"/Users/lusansui/Documents/trae_build_project/project_baoyan/backend/src/common/middleware/rate-limit.middleware.ts","statementMap":{"0":{"start":{"line":1,"column":0},"end":{"line":1,"column":87}},"1":{"start":{"line":3,"column":0},"end":{"line":3,"column":47}},"2":{"start":{"line":18,"column":7},"end":{"line":100,"column":null}},"3":{"start":{"line":23,"column":31},"end":{"line":23,"column":46}},"4":{"start":{"line":19,"column":19},"end":{"line":19,"column":65}},"5":{"start":{"line":24,"column":4},"end":{"line":24,"column":79}},"6":{"start":{"line":25,"column":4},"end":{"line":25,"column":77}},"7":{"start":{"line":28,"column":4},"end":{"line":28,"column":53}},"8":{"start":{"line":28,"column":22},"end":{"line":28,"column":36}},"9":{"start":{"line":32,"column":21},"end":{"line":32,"column":42}},"10":{"start":{"line":33,"column":16},"end":{"line":33,"column":26}},"11":{"start":{"line":36,"column":17},"end":{"line":36,"column":46}},"12":{"start":{"line":38,"column":4},"end":{"line":48,"column":5}},"13":{"start":{"line":40,"column":6},"end":{"line":43,"column":8}},"14":{"start":{"line":44,"column":6},"end":{"line":44,"column":44}},"15":{"start":{"line":47,"column":6},"end":{"line":47,"column":21}},"16":{"start":{"line":51,"column":4},"end":{"line":67,"column":5}},"17":{"start":{"line":52,"column":25},"end":{"line":52,"column":67}},"18":{"start":{"line":54,"column":6},"end":{"line":54,"column":47}},"19":{"start":{"line":55,"column":6},"end":{"line":55,"column":59}},"20":{"start":{"line":56,"column":6},"end":{"line":56,"column":48}},"21":{"start":{"line":57,"column":6},"end":{"line":57,"column":77}},"22":{"start":{"line":59,"column":6},"end":{"line":66,"column":8}},"23":{"start":{"line":70,"column":4},"end":{"line":70,"column":57}},"24":{"start":{"line":71,"column":4},"end":{"line":71,"column":89}},"25":{"start":{"line":72,"column":4},"end":{"line":72,"column":75}},"26":{"start":{"line":74,"column":4},"end":{"line":74,"column":11}},"27":{"start":{"line":81,"column":22},"end":{"line":81,"column":52}},"28":{"start":{"line":82,"column":15},"end":{"line":84,"column":59}},"29":{"start":{"line":86,"column":4},"end":{"line":86,"column":14}},"30":{"start":{"line":93,"column":16},"end":{"line":93,"column":26}},"31":{"start":{"line":94,"column":4},"end":{"line":98,"column":5}},"32":{"start":{"line":95,"column":6},"end":{"line":97,"column":7}},"33":{"start":{"line":96,"column":8},"end":{"line":96,"column":35}},"34":{"start":{"line":18,"column":13},"end":{"line":18,"column":32}},"35":{"start":{"line":18,"column":13},"end":{"line":100,"column":null}}},"fnMap":{"0":{"name":"(anonymous_2)","decl":{"start":{"line":23,"column":2},"end":{"line":23,"column":31}},"loc":{"start":{"line":23,"column":59},"end":{"line":29,"column":3}}},"1":{"name":"(anonymous_3)","decl":{"start":{"line":28,"column":16},"end":{"line":28,"column":19}},"loc":{"start":{"line":28,"column":22},"end":{"line":28,"column":36}}},"2":{"name":"(anonymous_4)","decl":{"start":{"line":31,"column":2},"end":{"line":31,"column":5}},"loc":{"start":{"line":31,"column":53},"end":{"line":75,"column":3}}},"3":{"name":"(anonymous_5)","decl":{"start":{"line":80,"column":10},"end":{"line":80,"column":21}},"loc":{"start":{"line":80,"column":34},"end":{"line":87,"column":3}}},"4":{"name":"(anonymous_6)","decl":{"start":{"line":92,"column":10},"end":{"line":92,"column":17}},"loc":{"start":{"line":92,"column":17},"end":{"line":99,"column":3}}}},"branchMap":{"0":{"loc":{"start":{"line":38,"column":4},"end":{"line":48,"column":5}},"type":"if","locations":[{"start":{"line":38,"column":4},"end":{"line":48,"column":5}},{"start":{"line":45,"column":11},"end":{"line":48,"column":5}}]},"1":{"loc":{"start":{"line":38,"column":8},"end":{"line":38,"column":41}},"type":"binary-expr","locations":[{"start":{"line":38,"column":8},"end":{"line":38,"column":15}},{"start":{"line":38,"column":19},"end":{"line":38,"column":41}}]},"2":{"loc":{"start":{"line":51,"column":4},"end":{"line":67,"column":5}},"type":"if","locations":[{"start":{"line":51,"column":4},"end":{"line":67,"column":5}}]},"3":{"loc":{"start":{"line":82,"column":15},"end":{"line":84,"column":59}},"type":"cond-expr","locations":[{"start":{"line":83,"column":9},"end":{"line":83,"column":79}},{"start":{"line":84,"column":8},"end":{"line":84,"column":59}}]},"4":{"loc":{"start":{"line":83,"column":9},"end":{"line":83,"column":79}},"type":"cond-expr","locations":[{"start":{"line":83,"column":41},"end":{"line":83,"column":64}},{"start":{"line":83,"column":67},"end":{"line":83,"column":79}}]},"5":{"loc":{"start":{"line":84,"column":8},"end":{"line":84,"column":59}},"type":"binary-expr","locations":[{"start":{"line":84,"column":8},"end":{"line":84,"column":14}},{"start":{"line":84,"column":18},"end":{"line":84,"column":46}},{"start":{"line":84,"column":50},"end":{"line":84,"column":59}}]},"6":{"loc":{"start":{"line":95,"column":6},"end":{"line":97,"column":7}},"type":"if","locations":[{"start":{"line":95,"column":6},"end":{"line":97,"column":7}}]}},"s":{"0":0,"1":0,"2":0,"3":0,"4":0,"5":0,"6":0,"7":0,"8":0,"9":0,"10":0,"11":0,"12":0,"13":0,"14":0,"15":0,"16":0,"17":0,"18":0,"19":0,"20":0,"21":0,"22":0,"23":0,"24":0,"25":0,"26":0,"27":0,"28":0,"29":0,"30":0,"31":0,"32":0,"33":0,"34":0,"35":0},"f":{"0":0,"1":0,"2":0,"3":0,"4":0},"b":{"0":[0,0],"1":[0,0],"2":[0],"3":[0,0],"4":[0,0],"5":[0,0,0],"6":[0]}}
,"/Users/lusansui/Documents/trae_build_project/project_baoyan/backend/src/common/services/deepseek.service.ts": {"path":"/Users/lusansui/Documents/trae_build_project/project_baoyan/backend/src/common/services/deepseek.service.ts","statementMap":{"0":{"start":{"line":1,"column":0},"end":{"line":1,"column":52}},"1":{"start":{"line":2,"column":0},"end":{"line":2,"column":47}},"2":{"start":{"line":3,"column":0},"end":{"line":3,"column":26}},"3":{"start":{"line":53,"column":28},"end":{"line":269,"column":null}},"4":{"start":{"line":60,"column":31},"end":{"line":60,"column":46}},"5":{"start":{"line":54,"column":19},"end":{"line":54,"column":61}},"6":{"start":{"line":57,"column":10},"end":{"line":57,"column":29}},"7":{"start":{"line":61,"column":4},"end":{"line":61,"column":73}},"8":{"start":{"line":62,"column":4},"end":{"line":65,"column":6}},"9":{"start":{"line":66,"column":4},"end":{"line":66,"column":51}},"10":{"start":{"line":80,"column":4},"end":{"line":83,"column":5}},"11":{"start":{"line":81,"column":6},"end":{"line":81,"column":49}},"12":{"start":{"line":82,"column":6},"end":{"line":82,"column":18}},"13":{"start":{"line":86,"column":4},"end":{"line":89,"column":5}},"14":{"start":{"line":87,"column":6},"end":{"line":87,"column":46}},"15":{"start":{"line":88,"column":6},"end":{"line":88,"column":18}},"16":{"start":{"line":91,"column":4},"end":{"line":104,"column":5}},"17":{"start":{"line":92,"column":21},"end":{"line":92,"column":72}},"18":{"start":{"line":93,"column":23},"end":{"line":93,"column":57}},"19":{"start":{"line":95,"column":6},"end":{"line":98,"column":7}},"20":{"start":{"line":96,"column":8},"end":{"line":96,"column":30}},"21":{"start":{"line":97,"column":8},"end":{"line":97,"column":52}},"22":{"start":{"line":100,"column":6},"end":{"line":100,"column":18}},"23":{"start":{"line":102,"column":6},"end":{"line":102,"column":60}},"24":{"start":{"line":103,"column":6},"end":{"line":103,"column":18}},"25":{"start":{"line":114,"column":4},"end":{"line":141,"column":21}},"26":{"start":{"line":148,"column":4},"end":{"line":190,"column":5}},"27":{"start":{"line":149,"column":23},"end":{"line":173,"column":null}},"28":{"start":{"line":176,"column":6},"end":{"line":178,"column":7}},"29":{"start":{"line":177,"column":8},"end":{"line":177,"column":56}},"30":{"start":{"line":180,"column":6},"end":{"line":180,"column":18}},"31":{"start":{"line":182,"column":6},"end":{"line":188,"column":7}},"32":{"start":{"line":183,"column":8},"end":{"line":185,"column":10}},"33":{"start":{"line":187,"column":8},"end":{"line":187,"column":62}},"34":{"start":{"line":189,"column":6},"end":{"line":189,"column":18}},"35":{"start":{"line":197,"column":4},"end":{"line":226,"column":5}},"36":{"start":{"line":199,"column":26},"end":{"line":202,"column":15}},"37":{"start":{"line":204,"column":21},"end":{"line":204,"column":44}},"38":{"start":{"line":207,"column":6},"end":{"line":210,"column":7}},"39":{"start":{"line":208,"column":8},"end":{"line":208,"column":37}},"40":{"start":{"line":209,"column":8},"end":{"line":209,"column":20}},"41":{"start":{"line":212,"column":6},"end":{"line":222,"column":8}},"42":{"start":{"line":224,"column":6},"end":{"line":224,"column":52}},"43":{"start":{"line":225,"column":6},"end":{"line":225,"column":18}},"44":{"start":{"line":233,"column":23},"end":{"line":235,"column":null}},"45":{"start":{"line":237,"column":18},"end":{"line":237,"column":43}},"46":{"start":{"line":240,"column":4},"end":{"line":243,"column":5}},"47":{"start":{"line":241,"column":6},"end":{"line":241,"column":30}},"48":{"start":{"line":242,"column":6},"end":{"line":242,"column":33}},"49":{"start":{"line":245,"column":4},"end":{"line":245,"column":44}},"50":{"start":{"line":257,"column":23},"end":{"line":259,"column":null}},"51":{"start":{"line":262,"column":4},"end":{"line":267,"column":6}},"52":{"start":{"line":53,"column":13},"end":{"line":53,"column":28}},"53":{"start":{"line":53,"column":13},"end":{"line":269,"column":null}}},"fnMap":{"0":{"name":"(anonymous_3)","decl":{"start":{"line":60,"column":2},"end":{"line":60,"column":31}},"loc":{"start":{"line":60,"column":59},"end":{"line":67,"column":3}}},"1":{"name":"(anonymous_4)","decl":{"start":{"line":75,"column":2},"end":{"line":75,"column":7}},"loc":{"start":{"line":77,"column":26},"end":{"line":105,"column":3}}},"2":{"name":"(anonymous_5)","decl":{"start":{"line":110,"column":10},"end":{"line":110,"column":31}},"loc":{"start":{"line":112,"column":26},"end":{"line":142,"column":3}}},"3":{"name":"(anonymous_6)","decl":{"start":{"line":147,"column":10},"end":{"line":147,"column":15}},"loc":{"start":{"line":147,"column":46},"end":{"line":191,"column":3}}},"4":{"name":"(anonymous_7)","decl":{"start":{"line":196,"column":10},"end":{"line":196,"column":31}},"loc":{"start":{"line":196,"column":47},"end":{"line":227,"column":3}}},"5":{"name":"(anonymous_8)","decl":{"start":{"line":232,"column":10},"end":{"line":232,"column":20}},"loc":{"start":{"line":232,"column":20},"end":{"line":246,"column":3}}},"6":{"name":"(anonymous_9)","decl":{"start":{"line":251,"column":2},"end":{"line":251,"column":16}},"loc":{"start":{"line":251,"column":16},"end":{"line":268,"column":3}}}},"branchMap":{"0":{"loc":{"start":{"line":80,"column":4},"end":{"line":83,"column":5}},"type":"if","locations":[{"start":{"line":80,"column":4},"end":{"line":83,"column":5}}]},"1":{"loc":{"start":{"line":80,"column":8},"end":{"line":80,"column":56}},"type":"binary-expr","locations":[{"start":{"line":80,"column":8},"end":{"line":80,"column":20}},{"start":{"line":80,"column":24},"end":{"line":80,"column":56}}]},"2":{"loc":{"start":{"line":86,"column":4},"end":{"line":89,"column":5}},"type":"if","locations":[{"start":{"line":86,"column":4},"end":{"line":89,"column":5}}]},"3":{"loc":{"start":{"line":95,"column":6},"end":{"line":98,"column":7}},"type":"if","locations":[{"start":{"line":95,"column":6},"end":{"line":98,"column":7}}]},"4":{"loc":{"start":{"line":176,"column":6},"end":{"line":178,"column":7}},"type":"if","locations":[{"start":{"line":176,"column":6},"end":{"line":178,"column":7}}]},"5":{"loc":{"start":{"line":176,"column":10},"end":{"line":176,"column":67}},"type":"binary-expr","locations":[{"start":{"line":176,"column":10},"end":{"line":176,"column":31}},{"start":{"line":176,"column":35},"end":{"line":176,"column":67}}]},"6":{"loc":{"start":{"line":182,"column":6},"end":{"line":188,"column":7}},"type":"if","locations":[{"start":{"line":182,"column":6},"end":{"line":188,"column":7}},{"start":{"line":186,"column":13},"end":{"line":188,"column":7}}]},"7":{"loc":{"start":{"line":207,"column":6},"end":{"line":210,"column":7}},"type":"if","locations":[{"start":{"line":207,"column":6},"end":{"line":210,"column":7}}]},"8":{"loc":{"start":{"line":218,"column":22},"end":{"line":218,"column":47}},"type":"binary-expr","locations":[{"start":{"line":218,"column":22},"end":{"line":218,"column":41}},{"start":{"line":218,"column":45},"end":{"line":218,"column":47}}]},"9":{"loc":{"start":{"line":219,"column":19},"end":{"line":219,"column":41}},"type":"binary-expr","locations":[{"start":{"line":219,"column":19},"end":{"line":219,"column":35}},{"start":{"line":219,"column":39},"end":{"line":219,"column":41}}]},"10":{"loc":{"start":{"line":220,"column":17},"end":{"line":220,"column":37}},"type":"binary-expr","locations":[{"start":{"line":220,"column":17},"end":{"line":220,"column":31}},{"start":{"line":220,"column":35},"end":{"line":220,"column":37}}]},"11":{"loc":{"start":{"line":221,"column":20},"end":{"line":221,"column":44}},"type":"binary-expr","locations":[{"start":{"line":221,"column":20},"end":{"line":221,"column":37}},{"start":{"line":221,"column":41},"end":{"line":221,"column":44}}]},"12":{"loc":{"start":{"line":240,"column":4},"end":{"line":243,"column":5}},"type":"if","locations":[{"start":{"line":240,"column":4},"end":{"line":243,"column":5}}]}},"s":{"0":0,"1":0,"2":0,"3":0,"4":0,"5":0,"6":0,"7":0,"8":0,"9":0,"10":0,"11":0,"12":0,"13":0,"14":0,"15":0,"16":0,"17":0,"18":0,"19":0,"20":0,"21":0,"22":0,"23":0,"24":0,"25":0,"26":0,"27":0,"28":0,"29":0,"30":0,"31":0,"32":0,"33":0,"34":0,"35":0,"36":0,"37":0,"38":0,"39":0,"40":0,"41":0,"42":0,"43":0,"44":0,"45":0,"46":0,"47":0,"48":0,"49":0,"50":0,"51":0,"52":0,"53":0},"f":{"0":0,"1":0,"2":0,"3":0,"4":0,"5":0,"6":0},"b":{"0":[0],"1":[0,0],"2":[0],"3":[0],"4":[0],"5":[0,0],"6":[0,0],"7":[0],"8":[0,0],"9":[0,0],"10":[0,0],"11":[0,0],"12":[0]}}
,"/Users/lusansui/Documents/trae_build_project/project_baoyan/backend/src/common/services/monitoring.service.ts": {"path":"/Users/lusansui/Documents/trae_build_project/project_baoyan/backend/src/common/services/monitoring.service.ts","statementMap":{"0":{"start":{"line":1,"column":0},"end":{"line":1,"column":52}},"1":{"start":{"line":2,"column":0},"end":{"line":2,"column":47}},"2":{"start":{"line":3,"column":0},"end":{"line":3,"column":68}},"3":{"start":{"line":4,"column":0},"end":{"line":4,"column":47}},"4":{"start":{"line":74,"column":30},"end":{"line":373,"column":null}},"5":{"start":{"line":81,"column":21},"end":{"line":81,"column":36}},"6":{"start":{"line":82,"column":21},"end":{"line":82,"column":29}},"7":{"start":{"line":83,"column":21},"end":{"line":83,"column":35}},"8":{"start":{"line":75,"column":19},"end":{"line":75,"column":63}},"9":{"start":{"line":76,"column":19},"end":{"line":76,"column":48}},"10":{"start":{"line":77,"column":10},"end":{"line":77,"column":37}},"11":{"start":{"line":78,"column":19},"end":{"line":78,"column":41}},"12":{"start":{"line":85,"column":4},"end":{"line":85,"column":32}},"13":{"start":{"line":92,"column":4},"end":{"line":117,"column":6}},"14":{"start":{"line":95,"column":52},"end":{"line":95,"column":84}},"15":{"start":{"line":101,"column":52},"end":{"line":101,"column":83}},"16":{"start":{"line":107,"column":47},"end":{"line":107,"column":77}},"17":{"start":{"line":113,"column":49},"end":{"line":113,"column":81}},"18":{"start":{"line":124,"column":18},"end":{"line":124,"column":39}},"19":{"start":{"line":125,"column":24},"end":{"line":125,"column":48}},"20":{"start":{"line":127,"column":35},"end":{"line":138,"column":6}},"21":{"start":{"line":140,"column":4},"end":{"line":140,"column":19}},"22":{"start":{"line":148,"column":25},"end":{"line":153,"column":30}},"23":{"start":{"line":155,"column":40},"end":{"line":171,"column":6}},"24":{"start":{"line":173,"column":4},"end":{"line":173,"column":19}},"25":{"start":{"line":180,"column":4},"end":{"line":213,"column":5}},"26":{"start":{"line":182,"column":26},"end":{"line":184,"column":94}},"27":{"start":{"line":187,"column":26},"end":{"line":189,"column":105}},"28":{"start":{"line":191,"column":39},"end":{"line":203,"column":8}},"29":{"start":{"line":205,"column":6},"end":{"line":205,"column":21}},"30":{"start":{"line":207,"column":6},"end":{"line":207,"column":53}},"31":{"start":{"line":208,"column":6},"end":{"line":212,"column":8}},"32":{"start":{"line":220,"column":79},"end":{"line":220,"column":81}},"33":{"start":{"line":222,"column":26},"end":{"line":222,"column":59}},"34":{"start":{"line":223,"column":23},"end":{"line":223,"column":61}},"35":{"start":{"line":224,"column":22},"end":{"line":224,"column":57}},"36":{"start":{"line":226,"column":4},"end":{"line":246,"column":5}},"37":{"start":{"line":227,"column":22},"end":{"line":227,"column":27}},"38":{"start":{"line":229,"column":6},"end":{"line":235,"column":7}},"39":{"start":{"line":230,"column":8},"end":{"line":230,"column":50}},"40":{"start":{"line":231,"column":13},"end":{"line":235,"column":7}},"41":{"start":{"line":232,"column":8},"end":{"line":232,"column":47}},"42":{"start":{"line":233,"column":13},"end":{"line":235,"column":7}},"43":{"start":{"line":234,"column":8},"end":{"line":234,"column":46}},"44":{"start":{"line":237,"column":6},"end":{"line":245,"column":7}},"45":{"start":{"line":238,"column":8},"end":{"line":242,"column":11}},"46":{"start":{"line":244,"column":8},"end":{"line":244,"column":65}},"47":{"start":{"line":248,"column":4},"end":{"line":248,"column":18}},"48":{"start":{"line":260,"column":16},"end":{"line":260,"column":38}},"49":{"start":{"line":261,"column":18},"end":{"line":271,"column":6}},"50":{"start":{"line":273,"column":4},"end":{"line":273,"column":18}},"51":{"start":{"line":274,"column":4},"end":{"line":278,"column":5}},"52":{"start":{"line":275,"column":6},"end":{"line":275,"column":22}},"53":{"start":{"line":277,"column":6},"end":{"line":277,"column":20}},"54":{"start":{"line":280,"column":4},"end":{"line":280,"column":43}},"55":{"start":{"line":283,"column":4},"end":{"line":285,"column":5}},"56":{"start":{"line":284,"column":6},"end":{"line":284,"column":61}},"57":{"start":{"line":287,"column":4},"end":{"line":287,"column":51}},"58":{"start":{"line":297,"column":44},"end":{"line":301,"column":6}},"59":{"start":{"line":303,"column":4},"end":{"line":309,"column":5}},"60":{"start":{"line":305,"column":6},"end":{"line":305,"column":44}},"61":{"start":{"line":306,"column":6},"end":{"line":306,"column":29}},"62":{"start":{"line":308,"column":6},"end":{"line":308,"column":53}},"63":{"start":{"line":311,"column":4},"end":{"line":317,"column":5}},"64":{"start":{"line":313,"column":25},"end":{"line":313,"column":59}},"65":{"start":{"line":314,"column":6},"end":{"line":314,"column":42}},"66":{"start":{"line":316,"column":6},"end":{"line":316,"column":55}},"67":{"start":{"line":320,"column":18},"end":{"line":320,"column":39}},"68":{"start":{"line":321,"column":4},"end":{"line":321,"column":59}},"69":{"start":{"line":323,"column":23},"end":{"line":323,"column":60}},"70":{"start":{"line":323,"column":58},"end":{"line":323,"column":59}},"71":{"start":{"line":324,"column":24},"end":{"line":324,"column":60}},"72":{"start":{"line":324,"column":58},"end":{"line":324,"column":59}},"73":{"start":{"line":326,"column":4},"end":{"line":329,"column":6}},"74":{"start":{"line":336,"column":4},"end":{"line":344,"column":7}},"75":{"start":{"line":337,"column":25},"end":{"line":337,"column":43}},"76":{"start":{"line":338,"column":6},"end":{"line":343,"column":15}},"77":{"start":{"line":339,"column":25},"end":{"line":339,"column":53}},"78":{"start":{"line":341,"column":10},"end":{"line":341,"column":65}},"79":{"start":{"line":342,"column":8},"end":{"line":342,"column":42}},"80":{"start":{"line":352,"column":24},"end":{"line":352,"column":85}},"81":{"start":{"line":353,"column":4},"end":{"line":353,"column":28}},"82":{"start":{"line":360,"column":4},"end":{"line":360,"column":38}},"83":{"start":{"line":360,"column":29},"end":{"line":360,"column":38}},"84":{"start":{"line":361,"column":4},"end":{"line":361,"column":73}},"85":{"start":{"line":361,"column":46},"end":{"line":361,"column":51}},"86":{"start":{"line":368,"column":4},"end":{"line":368,"column":38}},"87":{"start":{"line":368,"column":29},"end":{"line":368,"column":38}},"88":{"start":{"line":369,"column":19},"end":{"line":369,"column":52}},"89":{"start":{"line":369,"column":46},"end":{"line":369,"column":51}},"90":{"start":{"line":370,"column":18},"end":{"line":370,"column":67}},"91":{"start":{"line":371,"column":4},"end":{"line":371,"column":38}},"92":{"start":{"line":74,"column":13},"end":{"line":74,"column":30}},"93":{"start":{"line":74,"column":13},"end":{"line":373,"column":null}}},"fnMap":{"0":{"name":"(anonymous_2)","decl":{"start":{"line":80,"column":2},"end":{"line":80,"column":null}},"loc":{"start":{"line":83,"column":47},"end":{"line":86,"column":3}}},"1":{"name":"(anonymous_3)","decl":{"start":{"line":91,"column":10},"end":{"line":91,"column":30}},"loc":{"start":{"line":91,"column":30},"end":{"line":118,"column":3}}},"2":{"name":"(anonymous_4)","decl":{"start":{"line":95,"column":19},"end":{"line":95,"column":20}},"loc":{"start":{"line":95,"column":52},"end":{"line":95,"column":84}}},"3":{"name":"(anonymous_5)","decl":{"start":{"line":101,"column":19},"end":{"line":101,"column":20}},"loc":{"start":{"line":101,"column":52},"end":{"line":101,"column":83}}},"4":{"name":"(anonymous_6)","decl":{"start":{"line":107,"column":19},"end":{"line":107,"column":20}},"loc":{"start":{"line":107,"column":47},"end":{"line":107,"column":77}}},"5":{"name":"(anonymous_7)","decl":{"start":{"line":113,"column":19},"end":{"line":113,"column":20}},"loc":{"start":{"line":113,"column":49},"end":{"line":113,"column":81}}},"6":{"name":"(anonymous_8)","decl":{"start":{"line":123,"column":2},"end":{"line":123,"column":7}},"loc":{"start":{"line":123,"column":28},"end":{"line":141,"column":3}}},"7":{"name":"(anonymous_9)","decl":{"start":{"line":146,"column":2},"end":{"line":146,"column":7}},"loc":{"start":{"line":146,"column":33},"end":{"line":174,"column":3}}},"8":{"name":"(anonymous_10)","decl":{"start":{"line":179,"column":2},"end":{"line":179,"column":7}},"loc":{"start":{"line":179,"column":30},"end":{"line":214,"column":3}}},"9":{"name":"(anonymous_11)","decl":{"start":{"line":219,"column":2},"end":{"line":219,"column":7}},"loc":{"start":{"line":219,"column":19},"end":{"line":249,"column":3}}},"10":{"name":"(anonymous_12)","decl":{"start":{"line":254,"column":2},"end":{"line":254,"column":7}},"loc":{"start":{"line":258,"column":24},"end":{"line":288,"column":3}}},"11":{"name":"(anonymous_13)","decl":{"start":{"line":293,"column":2},"end":{"line":293,"column":7}},"loc":{"start":{"line":293,"column":23},"end":{"line":330,"column":3}}},"12":{"name":"(anonymous_14)","decl":{"start":{"line":323,"column":51},"end":{"line":323,"column":52}},"loc":{"start":{"line":323,"column":58},"end":{"line":323,"column":59}}},"13":{"name":"(anonymous_15)","decl":{"start":{"line":324,"column":51},"end":{"line":324,"column":52}},"loc":{"start":{"line":324,"column":58},"end":{"line":324,"column":59}}},"14":{"name":"(anonymous_16)","decl":{"start":{"line":335,"column":10},"end":{"line":335,"column":21}},"loc":{"start":{"line":335,"column":21},"end":{"line":345,"column":3}}},"15":{"name":"(anonymous_17)","decl":{"start":{"line":336,"column":23},"end":{"line":336,"column":24}},"loc":{"start":{"line":336,"column":35},"end":{"line":344,"column":5}}},"16":{"name":"(anonymous_18)","decl":{"start":{"line":338,"column":17},"end":{"line":338,"column":20}},"loc":{"start":{"line":338,"column":22},"end":{"line":343,"column":7}}},"17":{"name":"(anonymous_19)","decl":{"start":{"line":350,"column":10},"end":{"line":350,"column":15}},"loc":{"start":{"line":350,"column":36},"end":{"line":354,"column":3}}},"18":{"name":"(anonymous_20)","decl":{"start":{"line":359,"column":10},"end":{"line":359,"column":26}},"loc":{"start":{"line":359,"column":43},"end":{"line":362,"column":3}}},"19":{"name":"(anonymous_21)","decl":{"start":{"line":361,"column":36},"end":{"line":361,"column":37}},"loc":{"start":{"line":361,"column":46},"end":{"line":361,"column":51}}},"20":{"name":"(anonymous_22)","decl":{"start":{"line":367,"column":10},"end":{"line":367,"column":29}},"loc":{"start":{"line":367,"column":66},"end":{"line":372,"column":3}}},"21":{"name":"(anonymous_23)","decl":{"start":{"line":369,"column":36},"end":{"line":369,"column":37}},"loc":{"start":{"line":369,"column":46},"end":{"line":369,"column":51}}}},"branchMap":{"0":{"loc":{"start":{"line":158,"column":15},"end":{"line":158,"column":39}},"type":"binary-expr","locations":[{"start":{"line":158,"column":15},"end":{"line":158,"column":34}},{"start":{"line":158,"column":38},"end":{"line":158,"column":39}}]},"1":{"loc":{"start":{"line":159,"column":17},"end":{"line":159,"column":43}},"type":"binary-expr","locations":[{"start":{"line":159,"column":17},"end":{"line":159,"column":38}},{"start":{"line":159,"column":42},"end":{"line":159,"column":43}}]},"2":{"loc":{"start":{"line":160,"column":15},"end":{"line":160,"column":39}},"type":"binary-expr","locations":[{"start":{"line":160,"column":15},"end":{"line":160,"column":34}},{"start":{"line":160,"column":38},"end":{"line":160,"column":39}}]},"3":{"loc":{"start":{"line":161,"column":19},"end":{"line":163,"column":13}},"type":"cond-expr","locations":[{"start":{"line":162,"column":12},"end":{"line":162,"column":51}},{"start":{"line":163,"column":12},"end":{"line":163,"column":13}}]},"4":{"loc":{"start":{"line":166,"column":35},"end":{"line":166,"column":68}},"type":"binary-expr","locations":[{"start":{"line":166,"column":35},"end":{"line":166,"column":62}},{"start":{"line":166,"column":66},"end":{"line":166,"column":68}}]},"5":{"loc":{"start":{"line":167,"column":38},"end":{"line":167,"column":71}},"type":"binary-expr","locations":[{"start":{"line":167,"column":38},"end":{"line":167,"column":65}},{"start":{"line":167,"column":69},"end":{"line":167,"column":71}}]},"6":{"loc":{"start":{"line":168,"column":38},"end":{"line":168,"column":71}},"type":"binary-expr","locations":[{"start":{"line":168,"column":38},"end":{"line":168,"column":65}},{"start":{"line":168,"column":69},"end":{"line":168,"column":71}}]},"7":{"loc":{"start":{"line":194,"column":25},"end":{"line":194,"column":51}},"type":"binary-expr","locations":[{"start":{"line":194,"column":25},"end":{"line":194,"column":46}},{"start":{"line":194,"column":50},"end":{"line":194,"column":51}}]},"8":{"loc":{"start":{"line":196,"column":24},"end":{"line":196,"column":50}},"type":"binary-expr","locations":[{"start":{"line":196,"column":24},"end":{"line":196,"column":45}},{"start":{"line":196,"column":49},"end":{"line":196,"column":50}}]},"9":{"loc":{"start":{"line":200,"column":23},"end":{"line":200,"column":49}},"type":"binary-expr","locations":[{"start":{"line":200,"column":23},"end":{"line":200,"column":44}},{"start":{"line":200,"column":48},"end":{"line":200,"column":49}}]},"10":{"loc":{"start":{"line":229,"column":6},"end":{"line":235,"column":7}},"type":"if","locations":[{"start":{"line":229,"column":6},"end":{"line":235,"column":7}},{"start":{"line":231,"column":13},"end":{"line":235,"column":7}}]},"11":{"loc":{"start":{"line":231,"column":13},"end":{"line":235,"column":7}},"type":"if","locations":[{"start":{"line":231,"column":13},"end":{"line":235,"column":7}},{"start":{"line":233,"column":13},"end":{"line":235,"column":7}}]},"12":{"loc":{"start":{"line":233,"column":13},"end":{"line":235,"column":7}},"type":"if","locations":[{"start":{"line":233,"column":13},"end":{"line":235,"column":7}}]},"13":{"loc":{"start":{"line":237,"column":6},"end":{"line":245,"column":7}},"type":"if","locations":[{"start":{"line":237,"column":6},"end":{"line":245,"column":7}}]},"14":{"loc":{"start":{"line":261,"column":18},"end":{"line":271,"column":6}},"type":"binary-expr","locations":[{"start":{"line":261,"column":19},"end":{"line":266,"column":11}},{"start":{"line":266,"column":16},"end":{"line":271,"column":6}}]},"15":{"loc":{"start":{"line":274,"column":4},"end":{"line":278,"column":5}},"type":"if","locations":[{"start":{"line":274,"column":4},"end":{"line":278,"column":5}},{"start":{"line":276,"column":11},"end":{"line":278,"column":5}}]},"16":{"loc":{"start":{"line":274,"column":8},"end":{"line":274,"column":45}},"type":"binary-expr","locations":[{"start":{"line":274,"column":8},"end":{"line":274,"column":25}},{"start":{"line":274,"column":29},"end":{"line":274,"column":45}}]},"17":{"loc":{"start":{"line":283,"column":4},"end":{"line":285,"column":5}},"type":"if","locations":[{"start":{"line":283,"column":4},"end":{"line":285,"column":5}}]},"18":{"loc":{"start":{"line":327,"column":14},"end":{"line":327,"column":77}},"type":"cond-expr","locations":[{"start":{"line":327,"column":27},"end":{"line":327,"column":36}},{"start":{"line":327,"column":39},"end":{"line":327,"column":77}}]},"19":{"loc":{"start":{"line":327,"column":39},"end":{"line":327,"column":77}},"type":"cond-expr","locations":[{"start":{"line":327,"column":53},"end":{"line":327,"column":63}},{"start":{"line":327,"column":66},"end":{"line":327,"column":77}}]},"20":{"loc":{"start":{"line":353,"column":11},"end":{"line":353,"column":27}},"type":"binary-expr","locations":[{"start":{"line":353,"column":11},"end":{"line":353,"column":22}},{"start":{"line":353,"column":26},"end":{"line":353,"column":27}}]},"21":{"loc":{"start":{"line":360,"column":4},"end":{"line":360,"column":38}},"type":"if","locations":[{"start":{"line":360,"column":4},"end":{"line":360,"column":38}}]},"22":{"loc":{"start":{"line":368,"column":4},"end":{"line":368,"column":38}},"type":"if","locations":[{"start":{"line":368,"column":4},"end":{"line":368,"column":38}}]}},"s":{"0":0,"1":0,"2":0,"3":0,"4":0,"5":0,"6":0,"7":0,"8":0,"9":0,"10":0,"11":0,"12":0,"13":0,"14":0,"15":0,"16":0,"17":0,"18":0,"19":0,"20":0,"21":0,"22":0,"23":0,"24":0,"25":0,"26":0,"27":0,"28":0,"29":0,"30":0,"31":0,"32":0,"33":0,"34":0,"35":0,"36":0,"37":0,"38":0,"39":0,"40":0,"41":0,"42":0,"43":0,"44":0,"45":0,"46":0,"47":0,"48":0,"49":0,"50":0,"51":0,"52":0,"53":0,"54":0,"55":0,"56":0,"57":0,"58":0,"59":0,"60":0,"61":0,"62":0,"63":0,"64":0,"65":0,"66":0,"67":0,"68":0,"69":0,"70":0,"71":0,"72":0,"73":0,"74":0,"75":0,"76":0,"77":0,"78":0,"79":0,"80":0,"81":0,"82":0,"83":0,"84":0,"85":0,"86":0,"87":0,"88":0,"89":0,"90":0,"91":0,"92":0,"93":0},"f":{"0":0,"1":0,"2":0,"3":0,"4":0,"5":0,"6":0,"7":0,"8":0,"9":0,"10":0,"11":0,"12":0,"13":0,"14":0,"15":0,"16":0,"17":0,"18":0,"19":0,"20":0,"21":0},"b":{"0":[0,0],"1":[0,0],"2":[0,0],"3":[0,0],"4":[0,0],"5":[0,0],"6":[0,0],"7":[0,0],"8":[0,0],"9":[0,0],"10":[0,0],"11":[0,0],"12":[0],"13":[0],"14":[0,0],"15":[0,0],"16":[0,0],"17":[0],"18":[0,0],"19":[0,0],"20":[0,0],"21":[0],"22":[0]}}
,"/Users/lusansui/Documents/trae_build_project/project_baoyan/backend/src/common/services/redis.service.ts": {"path":"/Users/lusansui/Documents/trae_build_project/project_baoyan/backend/src/common/services/redis.service.ts","statementMap":{"0":{"start":{"line":1,"column":0},"end":{"line":1,"column":83}},"1":{"start":{"line":2,"column":0},"end":{"line":2,"column":47}},"2":{"start":{"line":3,"column":0},"end":{"line":3,"column":28}},"3":{"start":{"line":10,"column":25},"end":{"line":143,"column":null}},"4":{"start":{"line":14,"column":31},"end":{"line":14,"column":46}},"5":{"start":{"line":11,"column":19},"end":{"line":11,"column":58}},"6":{"start":{"line":17,"column":17},"end":{"line":17,"column":74}},"7":{"start":{"line":18,"column":17},"end":{"line":18,"column":67}},"8":{"start":{"line":19,"column":21},"end":{"line":19,"column":73}},"9":{"start":{"line":20,"column":15},"end":{"line":20,"column":60}},"10":{"start":{"line":22,"column":4},"end":{"line":32,"column":7}},"11":{"start":{"line":28,"column":22},"end":{"line":28,"column":48}},"12":{"start":{"line":29,"column":8},"end":{"line":29,"column":21}},"13":{"start":{"line":34,"column":4},"end":{"line":36,"column":7}},"14":{"start":{"line":35,"column":6},"end":{"line":35,"column":35}},"15":{"start":{"line":38,"column":4},"end":{"line":40,"column":7}},"16":{"start":{"line":39,"column":6},"end":{"line":39,"column":53}},"17":{"start":{"line":44,"column":4},"end":{"line":44,"column":29}},"18":{"start":{"line":45,"column":4},"end":{"line":45,"column":34}},"19":{"start":{"line":54,"column":4},"end":{"line":63,"column":5}},"20":{"start":{"line":55,"column":20},"end":{"line":55,"column":46}},"21":{"start":{"line":56,"column":6},"end":{"line":58,"column":7}},"22":{"start":{"line":57,"column":8},"end":{"line":57,"column":38}},"23":{"start":{"line":59,"column":6},"end":{"line":59,"column":18}},"24":{"start":{"line":61,"column":6},"end":{"line":61,"column":60}},"25":{"start":{"line":62,"column":6},"end":{"line":62,"column":18}},"26":{"start":{"line":73,"column":4},"end":{"line":78,"column":5}},"27":{"start":{"line":74,"column":25},"end":{"line":74,"column":46}},"28":{"start":{"line":75,"column":6},"end":{"line":75,"column":52}},"29":{"start":{"line":77,"column":6},"end":{"line":77,"column":60}},"30":{"start":{"line":86,"column":4},"end":{"line":90,"column":5}},"31":{"start":{"line":87,"column":6},"end":{"line":87,"column":33}},"32":{"start":{"line":89,"column":6},"end":{"line":89,"column":60}},"33":{"start":{"line":98,"column":4},"end":{"line":105,"column":5}},"34":{"start":{"line":99,"column":19},"end":{"line":99,"column":50}},"35":{"start":{"line":100,"column":6},"end":{"line":102,"column":7}},"36":{"start":{"line":101,"column":8},"end":{"line":101,"column":39}},"37":{"start":{"line":104,"column":6},"end":{"line":104,"column":66}},"38":{"start":{"line":113,"column":4},"end":{"line":119,"column":5}},"39":{"start":{"line":114,"column":21},"end":{"line":114,"column":50}},"40":{"start":{"line":115,"column":6},"end":{"line":115,"column":26}},"41":{"start":{"line":117,"column":6},"end":{"line":117,"column":60}},"42":{"start":{"line":118,"column":6},"end":{"line":118,"column":19}},"43":{"start":{"line":129,"column":4},"end":{"line":141,"column":5}},"44":{"start":{"line":130,"column":21},"end":{"line":130,"column":47}},"45":{"start":{"line":131,"column":6},"end":{"line":134,"column":8}},"46":{"start":{"line":136,"column":6},"end":{"line":136,"column":53}},"47":{"start":{"line":137,"column":6},"end":{"line":140,"column":8}},"48":{"start":{"line":10,"column":13},"end":{"line":10,"column":25}},"49":{"start":{"line":10,"column":13},"end":{"line":143,"column":null}}},"fnMap":{"0":{"name":"(anonymous_3)","decl":{"start":{"line":14,"column":2},"end":{"line":14,"column":31}},"loc":{"start":{"line":14,"column":59},"end":{"line":14,"column":63}}},"1":{"name":"(anonymous_4)","decl":{"start":{"line":16,"column":2},"end":{"line":16,"column":7}},"loc":{"start":{"line":16,"column":20},"end":{"line":41,"column":3}}},"2":{"name":"(anonymous_5)","decl":{"start":{"line":27,"column":21},"end":{"line":27,"column":22}},"loc":{"start":{"line":27,"column":31},"end":{"line":30,"column":7}}},"3":{"name":"(anonymous_6)","decl":{"start":{"line":34,"column":30},"end":{"line":34,"column":33}},"loc":{"start":{"line":34,"column":35},"end":{"line":36,"column":5}}},"4":{"name":"(anonymous_7)","decl":{"start":{"line":38,"column":28},"end":{"line":38,"column":29}},"loc":{"start":{"line":38,"column":38},"end":{"line":40,"column":5}}},"5":{"name":"(anonymous_8)","decl":{"start":{"line":43,"column":2},"end":{"line":43,"column":7}},"loc":{"start":{"line":43,"column":23},"end":{"line":46,"column":3}}},"6":{"name":"(anonymous_9)","decl":{"start":{"line":53,"column":2},"end":{"line":53,"column":7}},"loc":{"start":{"line":53,"column":26},"end":{"line":64,"column":3}}},"7":{"name":"(anonymous_10)","decl":{"start":{"line":72,"column":2},"end":{"line":72,"column":7}},"loc":{"start":{"line":72,"column":48},"end":{"line":79,"column":3}}},"8":{"name":"(anonymous_11)","decl":{"start":{"line":85,"column":2},"end":{"line":85,"column":7}},"loc":{"start":{"line":85,"column":23},"end":{"line":91,"column":3}}},"9":{"name":"(anonymous_12)","decl":{"start":{"line":97,"column":2},"end":{"line":97,"column":7}},"loc":{"start":{"line":97,"column":34},"end":{"line":106,"column":3}}},"10":{"name":"(anonymous_13)","decl":{"start":{"line":112,"column":2},"end":{"line":112,"column":7}},"loc":{"start":{"line":112,"column":26},"end":{"line":120,"column":3}}},"11":{"name":"(anonymous_14)","decl":{"start":{"line":125,"column":2},"end":{"line":125,"column":7}},"loc":{"start":{"line":125,"column":16},"end":{"line":142,"column":3}}}},"branchMap":{"0":{"loc":{"start":{"line":25,"column":16},"end":{"line":25,"column":37}},"type":"binary-expr","locations":[{"start":{"line":25,"column":16},"end":{"line":25,"column":24}},{"start":{"line":25,"column":28},"end":{"line":25,"column":37}}]},"1":{"loc":{"start":{"line":56,"column":6},"end":{"line":58,"column":7}},"type":"if","locations":[{"start":{"line":56,"column":6},"end":{"line":58,"column":7}}]},"2":{"loc":{"start":{"line":100,"column":6},"end":{"line":102,"column":7}},"type":"if","locations":[{"start":{"line":100,"column":6},"end":{"line":102,"column":7}}]}},"s":{"0":1,"1":1,"2":1,"3":1,"4":0,"5":0,"6":0,"7":0,"8":0,"9":0,"10":0,"11":0,"12":0,"13":0,"14":0,"15":0,"16":0,"17":0,"18":0,"19":0,"20":0,"21":0,"22":0,"23":0,"24":0,"25":0,"26":0,"27":0,"28":0,"29":0,"30":0,"31":0,"32":0,"33":0,"34":0,"35":0,"36":0,"37":0,"38":0,"39":0,"40":0,"41":0,"42":0,"43":0,"44":0,"45":0,"46":0,"47":0,"48":1,"49":1},"f":{"0":0,"1":0,"2":0,"3":0,"4":0,"5":0,"6":0,"7":0,"8":0,"9":0,"10":0,"11":0},"b":{"0":[0,0],"1":[0],"2":[0]}}
,"/Users/lusansui/Documents/trae_build_project/project_baoyan/backend/src/modules/auth/auth.controller.ts": {"path":"/Users/lusansui/Documents/trae_build_project/project_baoyan/backend/src/modules/auth/auth.controller.ts","statementMap":{"0":{"start":{"line":1,"column":0},"end":{"line":1,"column":65}},"1":{"start":{"line":2,"column":0},"end":{"line":2,"column":56}},"2":{"start":{"line":3,"column":0},"end":{"line":3,"column":45}},"3":{"start":{"line":4,"column":0},"end":{"line":4,"column":48}},"4":{"start":{"line":8,"column":7},"end":{"line":23,"column":null}},"5":{"start":{"line":9,"column":31},"end":{"line":9,"column":44}},"6":{"start":{"line":14,"column":4},"end":{"line":14,"column":46}},"7":{"start":{"line":20,"column":18},"end":{"line":20,"column":46}},"8":{"start":{"line":21,"column":4},"end":{"line":21,"column":48}},"9":{"start":{"line":8,"column":13},"end":{"line":8,"column":27}},"10":{"start":{"line":13,"column":8},"end":{"line":15,"column":null}},"11":{"start":{"line":19,"column":8},"end":{"line":22,"column":null}},"12":{"start":{"line":8,"column":13},"end":{"line":23,"column":null}}},"fnMap":{"0":{"name":"(anonymous_4)","decl":{"start":{"line":9,"column":2},"end":{"line":9,"column":31}},"loc":{"start":{"line":9,"column":55},"end":{"line":9,"column":59}}},"1":{"name":"(anonymous_5)","decl":{"start":{"line":13,"column":2},"end":{"line":13,"column":7}},"loc":{"start":{"line":13,"column":39},"end":{"line":15,"column":3}}},"2":{"name":"(anonymous_6)","decl":{"start":{"line":19,"column":2},"end":{"line":19,"column":7}},"loc":{"start":{"line":19,"column":59},"end":{"line":22,"column":3}}}},"branchMap":{},"s":{"0":0,"1":0,"2":0,"3":0,"4":0,"5":0,"6":0,"7":0,"8":0,"9":0,"10":0,"11":0,"12":0},"f":{"0":0,"1":0,"2":0},"b":{}}
,"/Users/lusansui/Documents/trae_build_project/project_baoyan/backend/src/modules/auth/auth.module.ts": {"path":"/Users/lusansui/Documents/trae_build_project/project_baoyan/backend/src/modules/auth/auth.module.ts","statementMap":{"0":{"start":{"line":1,"column":0},"end":{"line":1,"column":40}},"1":{"start":{"line":2,"column":0},"end":{"line":2,"column":40}},"2":{"start":{"line":3,"column":0},"end":{"line":3,"column":61}},"3":{"start":{"line":4,"column":0},"end":{"line":4,"column":51}},"4":{"start":{"line":5,"column":0},"end":{"line":5,"column":45}},"5":{"start":{"line":24,"column":7},"end":{"line":24,"column":null}},"6":{"start":{"line":24,"column":13},"end":{"line":24,"column":23}},"7":{"start":{"line":24,"column":13},"end":{"line":24,"column":null}},"8":{"start":{"line":11,"column":59},"end":{"line":16,"column":8}}},"fnMap":{"0":{"name":"(anonymous_1)","decl":{"start":{"line":11,"column":18},"end":{"line":11,"column":23}},"loc":{"start":{"line":11,"column":59},"end":{"line":16,"column":8}}}},"branchMap":{},"s":{"0":0,"1":0,"2":0,"3":0,"4":0,"5":0,"6":0,"7":0,"8":0},"f":{"0":0},"b":{}}
,"/Users/lusansui/Documents/trae_build_project/project_baoyan/backend/src/modules/auth/auth.service.ts": {"path":"/Users/lusansui/Documents/trae_build_project/project_baoyan/backend/src/modules/auth/auth.service.ts","statementMap":{"0":{"start":{"line":1,"column":0},"end":{"line":1,"column":75}},"1":{"start":{"line":2,"column":0},"end":{"line":2,"column":47}},"2":{"start":{"line":3,"column":0},"end":{"line":3,"column":41}},"3":{"start":{"line":4,"column":0},"end":{"line":4,"column":26}},"4":{"start":{"line":5,"column":0},"end":{"line":5,"column":57}},"5":{"start":{"line":41,"column":24},"end":{"line":200,"column":null}},"6":{"start":{"line":45,"column":21},"end":{"line":45,"column":29}},"7":{"start":{"line":46,"column":21},"end":{"line":46,"column":33}},"8":{"start":{"line":47,"column":21},"end":{"line":47,"column":36}},"9":{"start":{"line":42,"column":19},"end":{"line":42,"column":57}},"10":{"start":{"line":57,"column":4},"end":{"line":59,"column":5}},"11":{"start":{"line":58,"column":6},"end":{"line":58,"column":52}},"12":{"start":{"line":61,"column":4},"end":{"line":102,"column":5}},"13":{"start":{"line":63,"column":25},"end":{"line":63,"column":56}},"14":{"start":{"line":65,"column":6},"end":{"line":68,"column":7}},"15":{"start":{"line":66,"column":8},"end":{"line":66,"column":88}},"16":{"start":{"line":67,"column":8},"end":{"line":67,"column":72}},"17":{"start":{"line":70,"column":25},"end":{"line":70,"column":35}},"18":{"start":{"line":73,"column":17},"end":{"line":75,"column":8}},"19":{"start":{"line":77,"column":6},"end":{"line":82,"column":7}},"20":{"start":{"line":78,"column":8},"end":{"line":80,"column":11}},"21":{"start":{"line":81,"column":8},"end":{"line":81,"column":47}},"22":{"start":{"line":85,"column":21},"end":{"line":85,"column":68}},"23":{"start":{"line":87,"column":6},"end":{"line":87,"column":44}},"24":{"start":{"line":89,"column":6},"end":{"line":95,"column":8}},"25":{"start":{"line":97,"column":6},"end":{"line":99,"column":7}},"26":{"start":{"line":98,"column":8},"end":{"line":98,"column":20}},"27":{"start":{"line":100,"column":6},"end":{"line":100,"column":65}},"28":{"start":{"line":101,"column":6},"end":{"line":101,"column":54}},"29":{"start":{"line":111,"column":4},"end":{"line":113,"column":5}},"30":{"start":{"line":112,"column":6},"end":{"line":112,"column":50}},"31":{"start":{"line":115,"column":4},"end":{"line":136,"column":5}},"32":{"start":{"line":116,"column":22},"end":{"line":118,"column":8}},"33":{"start":{"line":121,"column":19},"end":{"line":123,"column":8}},"34":{"start":{"line":125,"column":6},"end":{"line":127,"column":7}},"35":{"start":{"line":126,"column":8},"end":{"line":126,"column":49}},"36":{"start":{"line":129,"column":6},"end":{"line":129,"column":55}},"37":{"start":{"line":131,"column":6},"end":{"line":133,"column":7}},"38":{"start":{"line":132,"column":8},"end":{"line":132,"column":20}},"39":{"start":{"line":134,"column":6},"end":{"line":134,"column":55}},"40":{"start":{"line":135,"column":6},"end":{"line":135,"column":50}},"41":{"start":{"line":145,"column":18},"end":{"line":145,"column":64}},"42":{"start":{"line":146,"column":19},"end":{"line":146,"column":66}},"43":{"start":{"line":149,"column":4},"end":{"line":155,"column":5}},"44":{"start":{"line":150,"column":6},"end":{"line":150,"column":44}},"45":{"start":{"line":151,"column":6},"end":{"line":154,"column":8}},"46":{"start":{"line":157,"column":4},"end":{"line":175,"column":5}},"47":{"start":{"line":158,"column":23},"end":{"line":168,"column":null}},"48":{"start":{"line":171,"column":6},"end":{"line":171,"column":27}},"49":{"start":{"line":173,"column":6},"end":{"line":173,"column":54}},"50":{"start":{"line":174,"column":6},"end":{"line":174,"column":51}},"51":{"start":{"line":185,"column":20},"end":{"line":185,"column":43}},"52":{"start":{"line":186,"column":22},"end":{"line":186,"column":115}},"53":{"start":{"line":187,"column":29},"end":{"line":187,"column":131}},"54":{"start":{"line":189,"column":40},"end":{"line":192,"column":6}},"55":{"start":{"line":194,"column":4},"end":{"line":198,"column":6}},"56":{"start":{"line":41,"column":13},"end":{"line":41,"column":24}},"57":{"start":{"line":41,"column":13},"end":{"line":200,"column":null}}},"fnMap":{"0":{"name":"(anonymous_3)","decl":{"start":{"line":44,"column":2},"end":{"line":44,"column":null}},"loc":{"start":{"line":47,"column":49},"end":{"line":48,"column":6}}},"1":{"name":"(anonymous_4)","decl":{"start":{"line":55,"column":2},"end":{"line":55,"column":7}},"loc":{"start":{"line":55,"column":28},"end":{"line":103,"column":3}}},"2":{"name":"(anonymous_5)","decl":{"start":{"line":110,"column":2},"end":{"line":110,"column":7}},"loc":{"start":{"line":110,"column":34},"end":{"line":137,"column":3}}},"3":{"name":"(anonymous_6)","decl":{"start":{"line":144,"column":10},"end":{"line":144,"column":15}},"loc":{"start":{"line":144,"column":43},"end":{"line":176,"column":3}}},"4":{"name":"(anonymous_7)","decl":{"start":{"line":184,"column":10},"end":{"line":184,"column":15}},"loc":{"start":{"line":184,"column":61},"end":{"line":199,"column":3}}}},"branchMap":{"0":{"loc":{"start":{"line":57,"column":4},"end":{"line":59,"column":5}},"type":"if","locations":[{"start":{"line":57,"column":4},"end":{"line":59,"column":5}}]},"1":{"loc":{"start":{"line":57,"column":8},"end":{"line":57,"column":35}},"type":"binary-expr","locations":[{"start":{"line":57,"column":8},"end":{"line":57,"column":13}},{"start":{"line":57,"column":17},"end":{"line":57,"column":35}}]},"2":{"loc":{"start":{"line":65,"column":6},"end":{"line":68,"column":7}},"type":"if","locations":[{"start":{"line":65,"column":6},"end":{"line":68,"column":7}}]},"3":{"loc":{"start":{"line":77,"column":6},"end":{"line":82,"column":7}},"type":"if","locations":[{"start":{"line":77,"column":6},"end":{"line":82,"column":7}}]},"4":{"loc":{"start":{"line":97,"column":6},"end":{"line":99,"column":7}},"type":"if","locations":[{"start":{"line":97,"column":6},"end":{"line":99,"column":7}}]},"5":{"loc":{"start":{"line":111,"column":4},"end":{"line":113,"column":5}},"type":"if","locations":[{"start":{"line":111,"column":4},"end":{"line":113,"column":5}}]},"6":{"loc":{"start":{"line":111,"column":8},"end":{"line":111,"column":37}},"type":"binary-expr","locations":[{"start":{"line":111,"column":8},"end":{"line":111,"column":14}},{"start":{"line":111,"column":18},"end":{"line":111,"column":37}}]},"7":{"loc":{"start":{"line":125,"column":6},"end":{"line":127,"column":7}},"type":"if","locations":[{"start":{"line":125,"column":6},"end":{"line":127,"column":7}}]},"8":{"loc":{"start":{"line":131,"column":6},"end":{"line":133,"column":7}},"type":"if","locations":[{"start":{"line":131,"column":6},"end":{"line":133,"column":7}}]},"9":{"loc":{"start":{"line":149,"column":4},"end":{"line":155,"column":5}},"type":"if","locations":[{"start":{"line":149,"column":4},"end":{"line":155,"column":5}}]},"10":{"loc":{"start":{"line":149,"column":8},"end":{"line":149,"column":50}},"type":"binary-expr","locations":[{"start":{"line":149,"column":8},"end":{"line":149,"column":14}},{"start":{"line":149,"column":18},"end":{"line":149,"column":50}}]}},"s":{"0":1,"1":1,"2":1,"3":1,"4":1,"5":1,"6":13,"7":13,"8":13,"9":13,"10":8,"11":3,"12":5,"13":5,"14":5,"15":1,"16":1,"17":4,"18":4,"19":3,"20":1,"21":1,"22":3,"23":3,"24":3,"25":2,"26":1,"27":1,"28":1,"29":9,"30":2,"31":7,"32":7,"33":4,"34":3,"35":2,"36":1,"37":6,"38":2,"39":4,"40":4,"41":5,"42":5,"43":5,"44":0,"45":0,"46":5,"47":5,"48":5,"49":0,"50":0,"51":4,"52":4,"53":4,"54":4,"55":4,"56":1,"57":1},"f":{"0":13,"1":8,"2":9,"3":5,"4":4},"b":{"0":[3],"1":[8,6],"2":[1],"3":[1],"4":[1],"5":[2],"6":[9,8],"7":[2],"8":[2],"9":[0],"10":[5,5]}}
,"/Users/lusansui/Documents/trae_build_project/project_baoyan/backend/src/modules/auth/dto/wx-login.dto.ts": {"path":"/Users/lusansui/Documents/trae_build_project/project_baoyan/backend/src/modules/auth/dto/wx-login.dto.ts","statementMap":{"0":{"start":{"line":1,"column":0},"end":{"line":1,"column":55}},"1":{"start":{"line":2,"column":0},"end":{"line":2,"column":46}},"2":{"start":{"line":4,"column":0},"end":{"line":4,"column":13}},"3":{"start":{"line":8,"column":2},"end":{"line":8,"column":null}}},"fnMap":{},"branchMap":{},"s":{"0":0,"1":0,"2":0,"3":0},"f":{},"b":{}}
,"/Users/lusansui/Documents/trae_build_project/project_baoyan/backend/src/modules/camp/camp.controller.ts": {"path":"/Users/lusansui/Documents/trae_build_project/project_baoyan/backend/src/modules/camp/camp.controller.ts","statementMap":{"0":{"start":{"line":1,"column":0},"end":{"line":1,"column":97}},"1":{"start":{"line":2,"column":0},"end":{"line":2,"column":66}},"2":{"start":{"line":3,"column":0},"end":{"line":3,"column":45}},"3":{"start":{"line":7,"column":7},"end":{"line":28,"column":null}},"4":{"start":{"line":8,"column":31},"end":{"line":8,"column":44}},"5":{"start":{"line":18,"column":4},"end":{"line":18,"column":76}},"6":{"start":{"line":26,"column":4},"end":{"line":26,"column":40}},"7":{"start":{"line":7,"column":13},"end":{"line":7,"column":27}},"8":{"start":{"line":12,"column":8},"end":{"line":19,"column":null}},"9":{"start":{"line":24,"column":8},"end":{"line":27,"column":null}},"10":{"start":{"line":7,"column":13},"end":{"line":28,"column":null}}},"fnMap":{"0":{"name":"(anonymous_4)","decl":{"start":{"line":8,"column":2},"end":{"line":8,"column":31}},"loc":{"start":{"line":8,"column":55},"end":{"line":8,"column":59}}},"1":{"name":"(anonymous_5)","decl":{"start":{"line":12,"column":2},"end":{"line":12,"column":7}},"loc":{"start":{"line":16,"column":38},"end":{"line":19,"column":3}}},"2":{"name":"(anonymous_6)","decl":{"start":{"line":24,"column":2},"end":{"line":24,"column":7}},"loc":{"start":{"line":24,"column":54},"end":{"line":27,"column":3}}}},"branchMap":{"0":{"loc":{"start":{"line":13,"column":19},"end":{"line":13,"column":35}},"type":"default-arg","locations":[{"start":{"line":13,"column":34},"end":{"line":13,"column":35}}]},"1":{"loc":{"start":{"line":14,"column":20},"end":{"line":14,"column":38}},"type":"default-arg","locations":[{"start":{"line":14,"column":36},"end":{"line":14,"column":38}}]}},"s":{"0":0,"1":0,"2":0,"3":0,"4":0,"5":0,"6":0,"7":0,"8":0,"9":0,"10":0},"f":{"0":0,"1":0,"2":0},"b":{"0":[0],"1":[0]}}
,"/Users/lusansui/Documents/trae_build_project/project_baoyan/backend/src/modules/camp/camp.module.ts": {"path":"/Users/lusansui/Documents/trae_build_project/project_baoyan/backend/src/modules/camp/camp.module.ts","statementMap":{"0":{"start":{"line":1,"column":0},"end":{"line":1,"column":40}},"1":{"start":{"line":2,"column":0},"end":{"line":2,"column":51}},"2":{"start":{"line":3,"column":0},"end":{"line":3,"column":45}},"3":{"start":{"line":10,"column":7},"end":{"line":10,"column":null}},"4":{"start":{"line":10,"column":13},"end":{"line":10,"column":23}},"5":{"start":{"line":10,"column":13},"end":{"line":10,"column":null}}},"fnMap":{},"branchMap":{},"s":{"0":0,"1":0,"2":0,"3":0,"4":0,"5":0},"f":{},"b":{}}
,"/Users/lusansui/Documents/trae_build_project/project_baoyan/backend/src/modules/camp/camp.service.ts": {"path":"/Users/lusansui/Documents/trae_build_project/project_baoyan/backend/src/modules/camp/camp.service.ts","statementMap":{"0":{"start":{"line":1,"column":0},"end":{"line":1,"column":63}},"1":{"start":{"line":2,"column":0},"end":{"line":2,"column":57}},"2":{"start":{"line":5,"column":7},"end":{"line":75,"column":null}},"3":{"start":{"line":6,"column":31},"end":{"line":6,"column":39}},"4":{"start":{"line":14,"column":51},"end":{"line":14,"column":57}},"5":{"start":{"line":15,"column":17},"end":{"line":15,"column":35}},"6":{"start":{"line":17,"column":23},"end":{"line":17,"column":46}},"7":{"start":{"line":18,"column":4},"end":{"line":18,"column":56}},"8":{"start":{"line":18,"column":22},"end":{"line":18,"column":56}},"9":{"start":{"line":19,"column":4},"end":{"line":19,"column":41}},"10":{"start":{"line":19,"column":17},"end":{"line":19,"column":41}},"11":{"start":{"line":21,"column":26},"end":{"line":33,"column":6}},"12":{"start":{"line":35,"column":4},"end":{"line":43,"column":6}},"13":{"start":{"line":47,"column":17},"end":{"line":67,"column":6}},"14":{"start":{"line":69,"column":4},"end":{"line":71,"column":5}},"15":{"start":{"line":70,"column":6},"end":{"line":70,"column":44}},"16":{"start":{"line":73,"column":4},"end":{"line":73,"column":16}},"17":{"start":{"line":5,"column":13},"end":{"line":5,"column":24}},"18":{"start":{"line":5,"column":13},"end":{"line":75,"column":null}}},"fnMap":{"0":{"name":"(anonymous_2)","decl":{"start":{"line":6,"column":2},"end":{"line":6,"column":31}},"loc":{"start":{"line":6,"column":52},"end":{"line":6,"column":56}}},"1":{"name":"(anonymous_3)","decl":{"start":{"line":8,"column":2},"end":{"line":8,"column":7}},"loc":{"start":{"line":13,"column":3},"end":{"line":44,"column":3}}},"2":{"name":"(anonymous_4)","decl":{"start":{"line":46,"column":2},"end":{"line":46,"column":7}},"loc":{"start":{"line":46,"column":26},"end":{"line":74,"column":3}}}},"branchMap":{"0":{"loc":{"start":{"line":18,"column":4},"end":{"line":18,"column":56}},"type":"if","locations":[{"start":{"line":18,"column":4},"end":{"line":18,"column":56}}]},"1":{"loc":{"start":{"line":19,"column":4},"end":{"line":19,"column":41}},"type":"if","locations":[{"start":{"line":19,"column":4},"end":{"line":19,"column":41}}]},"2":{"loc":{"start":{"line":69,"column":4},"end":{"line":71,"column":5}},"type":"if","locations":[{"start":{"line":69,"column":4},"end":{"line":71,"column":5}}]}},"s":{"0":1,"1":1,"2":1,"3":13,"4":11,"5":11,"6":11,"7":11,"8":2,"9":11,"10":2,"11":11,"12":11,"13":2,"14":2,"15":1,"16":1,"17":1,"18":1},"f":{"0":13,"1":11,"2":2},"b":{"0":[2],"1":[2],"2":[1]}}
,"/Users/lusansui/Documents/trae_build_project/project_baoyan/backend/src/modules/crawler/crawler.controller.ts": {"path":"/Users/lusansui/Documents/trae_build_project/project_baoyan/backend/src/modules/crawler/crawler.controller.ts","statementMap":{"0":{"start":{"line":1,"column":0},"end":{"line":1,"column":80}},"1":{"start":{"line":2,"column":0},"end":{"line":2,"column":81}},"2":{"start":{"line":3,"column":0},"end":{"line":3,"column":51}},"3":{"start":{"line":4,"column":0},"end":{"line":4,"column":66}},"4":{"start":{"line":10,"column":7},"end":{"line":35,"column":null}},"5":{"start":{"line":11,"column":31},"end":{"line":11,"column":47}},"6":{"start":{"line":21,"column":4},"end":{"line":21,"column":63}},"7":{"start":{"line":27,"column":4},"end":{"line":27,"column":41}},"8":{"start":{"line":33,"column":4},"end":{"line":33,"column":53}},"9":{"start":{"line":10,"column":13},"end":{"line":10,"column":30}},"10":{"start":{"line":17,"column":8},"end":{"line":22,"column":null}},"11":{"start":{"line":26,"column":8},"end":{"line":28,"column":null}},"12":{"start":{"line":32,"column":8},"end":{"line":34,"column":null}},"13":{"start":{"line":10,"column":13},"end":{"line":35,"column":null}}},"fnMap":{"0":{"name":"(anonymous_4)","decl":{"start":{"line":11,"column":2},"end":{"line":11,"column":31}},"loc":{"start":{"line":11,"column":61},"end":{"line":11,"column":65}}},"1":{"name":"(anonymous_5)","decl":{"start":{"line":17,"column":2},"end":{"line":17,"column":7}},"loc":{"start":{"line":19,"column":40},"end":{"line":22,"column":3}}},"2":{"name":"(anonymous_6)","decl":{"start":{"line":26,"column":2},"end":{"line":26,"column":7}},"loc":{"start":{"line":26,"column":15},"end":{"line":28,"column":3}}},"3":{"name":"(anonymous_7)","decl":{"start":{"line":32,"column":2},"end":{"line":32,"column":7}},"loc":{"start":{"line":32,"column":53},"end":{"line":34,"column":3}}}},"branchMap":{},"s":{"0":0,"1":0,"2":0,"3":0,"4":0,"5":0,"6":0,"7":0,"8":0,"9":0,"10":0,"11":0,"12":0,"13":0},"f":{"0":0,"1":0,"2":0,"3":0},"b":{}}
,"/Users/lusansui/Documents/trae_build_project/project_baoyan/backend/src/modules/crawler/crawler.module.ts": {"path":"/Users/lusansui/Documents/trae_build_project/project_baoyan/backend/src/modules/crawler/crawler.module.ts","statementMap":{"0":{"start":{"line":1,"column":0},"end":{"line":1,"column":40}},"1":{"start":{"line":2,"column":0},"end":{"line":2,"column":57}},"2":{"start":{"line":3,"column":0},"end":{"line":3,"column":51}},"3":{"start":{"line":10,"column":7},"end":{"line":10,"column":null}},"4":{"start":{"line":10,"column":13},"end":{"line":10,"column":26}},"5":{"start":{"line":10,"column":13},"end":{"line":10,"column":null}}},"fnMap":{},"branchMap":{},"s":{"0":0,"1":0,"2":0,"3":0,"4":0,"5":0},"f":{},"b":{}}
,"/Users/lusansui/Documents/trae_build_project/project_baoyan/backend/src/modules/crawler/crawler.service.ts": {"path":"/Users/lusansui/Documents/trae_build_project/project_baoyan/backend/src/modules/crawler/crawler.service.ts","statementMap":{"0":{"start":{"line":1,"column":0},"end":{"line":1,"column":103}},"1":{"start":{"line":2,"column":0},"end":{"line":2,"column":57}},"2":{"start":{"line":3,"column":0},"end":{"line":3,"column":47}},"3":{"start":{"line":4,"column":0},"end":{"line":4,"column":38}},"4":{"start":{"line":5,"column":0},"end":{"line":5,"column":29}},"5":{"start":{"line":24,"column":27},"end":{"line":301,"column":null}},"6":{"start":{"line":30,"column":21},"end":{"line":30,"column":29}},"7":{"start":{"line":31,"column":21},"end":{"line":31,"column":36}},"8":{"start":{"line":25,"column":19},"end":{"line":25,"column":60}},"9":{"start":{"line":27,"column":10},"end":{"line":27,"column":60}},"10":{"start":{"line":34,"column":4},"end":{"line":34,"column":68}},"11":{"start":{"line":43,"column":25},"end":{"line":44,"column":null}},"12":{"start":{"line":44,"column":14},"end":{"line":44,"column":39}},"13":{"start":{"line":47,"column":4},"end":{"line":49,"column":5}},"14":{"start":{"line":48,"column":6},"end":{"line":48,"column":60}},"15":{"start":{"line":51,"column":19},"end":{"line":51,"column":40}},"16":{"start":{"line":54,"column":16},"end":{"line":60,"column":6}},"17":{"start":{"line":63,"column":30},"end":{"line":69,"column":6}},"18":{"start":{"line":70,"column":4},"end":{"line":70,"column":39}},"19":{"start":{"line":73,"column":4},"end":{"line":73,"column":30}},"20":{"start":{"line":75,"column":4},"end":{"line":80,"column":6}},"21":{"start":{"line":87,"column":4},"end":{"line":87,"column":28}},"22":{"start":{"line":88,"column":4},"end":{"line":88,"column":32}},"23":{"start":{"line":90,"column":4},"end":{"line":141,"column":5}},"24":{"start":{"line":91,"column":19},"end":{"line":91,"column":42}},"25":{"start":{"line":93,"column":6},"end":{"line":95,"column":7}},"26":{"start":{"line":94,"column":8},"end":{"line":94,"column":62}},"27":{"start":{"line":96,"column":6},"end":{"line":98,"column":7}},"28":{"start":{"line":97,"column":8},"end":{"line":97,"column":53}},"29":{"start":{"line":100,"column":6},"end":{"line":100,"column":67}},"30":{"start":{"line":102,"column":21},"end":{"line":102,"column":54}},"31":{"start":{"line":104,"column":6},"end":{"line":104,"column":32}},"32":{"start":{"line":105,"column":6},"end":{"line":105,"column":32}},"33":{"start":{"line":106,"column":6},"end":{"line":106,"column":27}},"34":{"start":{"line":109,"column":6},"end":{"line":116,"column":9}},"35":{"start":{"line":118,"column":6},"end":{"line":118,"column":44}},"36":{"start":{"line":121,"column":6},"end":{"line":121,"column":40}},"37":{"start":{"line":123,"column":6},"end":{"line":123,"column":29}},"38":{"start":{"line":124,"column":6},"end":{"line":124,"column":32}},"39":{"start":{"line":125,"column":6},"end":{"line":125,"column":33}},"40":{"start":{"line":128,"column":6},"end":{"line":135,"column":9}},"41":{"start":{"line":137,"column":6},"end":{"line":137,"column":61}},"42":{"start":{"line":140,"column":6},"end":{"line":140,"column":40}},"43":{"start":{"line":148,"column":4},"end":{"line":151,"column":23}},"44":{"start":{"line":149,"column":6},"end":{"line":149,"column":38}},"45":{"start":{"line":150,"column":6},"end":{"line":150,"column":46}},"46":{"start":{"line":158,"column":4},"end":{"line":217,"column":7}},"47":{"start":{"line":159,"column":24},"end":{"line":159,"column":32}},"48":{"start":{"line":160,"column":22},"end":{"line":166,"column":8}},"49":{"start":{"line":168,"column":6},"end":{"line":168,"column":62}},"50":{"start":{"line":170,"column":20},"end":{"line":170,"column":51}},"51":{"start":{"line":172,"column":19},"end":{"line":172,"column":21}},"52":{"start":{"line":173,"column":19},"end":{"line":173,"column":21}},"53":{"start":{"line":175,"column":6},"end":{"line":178,"column":9}},"54":{"start":{"line":176,"column":8},"end":{"line":176,"column":34}},"55":{"start":{"line":177,"column":8},"end":{"line":177,"column":62}},"56":{"start":{"line":180,"column":6},"end":{"line":183,"column":9}},"57":{"start":{"line":181,"column":8},"end":{"line":181,"column":34}},"58":{"start":{"line":182,"column":8},"end":{"line":182,"column":69}},"59":{"start":{"line":185,"column":6},"end":{"line":193,"column":9}},"60":{"start":{"line":186,"column":8},"end":{"line":192,"column":9}},"61":{"start":{"line":188,"column":25},"end":{"line":188,"column":56}},"62":{"start":{"line":189,"column":10},"end":{"line":189,"column":26}},"63":{"start":{"line":191,"column":10},"end":{"line":191,"column":63}},"64":{"start":{"line":195,"column":6},"end":{"line":197,"column":9}},"65":{"start":{"line":196,"column":8},"end":{"line":196,"column":54}},"66":{"start":{"line":200,"column":28},"end":{"line":211,"column":24}},"67":{"start":{"line":201,"column":8},"end":{"line":201,"column":56}},"68":{"start":{"line":202,"column":8},"end":{"line":202,"column":30}},"69":{"start":{"line":205,"column":8},"end":{"line":210,"column":17}},"70":{"start":{"line":206,"column":10},"end":{"line":209,"column":11}},"71":{"start":{"line":207,"column":12},"end":{"line":207,"column":67}},"72":{"start":{"line":208,"column":12},"end":{"line":208,"column":34}},"73":{"start":{"line":214,"column":6},"end":{"line":216,"column":9}},"74":{"start":{"line":215,"column":8},"end":{"line":215,"column":36}},"75":{"start":{"line":225,"column":23},"end":{"line":229,"column":6}},"76":{"start":{"line":232,"column":22},"end":{"line":232,"column":57}},"77":{"start":{"line":233,"column":4},"end":{"line":235,"column":5}},"78":{"start":{"line":234,"column":6},"end":{"line":234,"column":51}},"79":{"start":{"line":237,"column":25},"end":{"line":237,"column":55}},"80":{"start":{"line":238,"column":4},"end":{"line":240,"column":5}},"81":{"start":{"line":239,"column":6},"end":{"line":239,"column":57}},"82":{"start":{"line":242,"column":23},"end":{"line":242,"column":51}},"83":{"start":{"line":243,"column":4},"end":{"line":245,"column":5}},"84":{"start":{"line":244,"column":6},"end":{"line":244,"column":53}},"85":{"start":{"line":247,"column":4},"end":{"line":247,"column":17}},"86":{"start":{"line":254,"column":4},"end":{"line":257,"column":7}},"87":{"start":{"line":264,"column":17},"end":{"line":264,"column":45}},"88":{"start":{"line":265,"column":4},"end":{"line":283,"column":5}},"89":{"start":{"line":267,"column":18},"end":{"line":269,"column":8}},"90":{"start":{"line":270,"column":6},"end":{"line":272,"column":7}},"91":{"start":{"line":271,"column":8},"end":{"line":271,"column":47}},"92":{"start":{"line":273,"column":6},"end":{"line":282,"column":8}},"93":{"start":{"line":285,"column":4},"end":{"line":292,"column":6}},"94":{"start":{"line":299,"column":4},"end":{"line":299,"column":75}},"95":{"start":{"line":24,"column":13},"end":{"line":24,"column":27}},"96":{"start":{"line":24,"column":13},"end":{"line":301,"column":null}}},"fnMap":{"0":{"name":"(anonymous_11)","decl":{"start":{"line":29,"column":2},"end":{"line":29,"column":null}},"loc":{"start":{"line":31,"column":49},"end":{"line":35,"column":3}}},"1":{"name":"(anonymous_12)","decl":{"start":{"line":41,"column":2},"end":{"line":41,"column":7}},"loc":{"start":{"line":41,"column":56},"end":{"line":81,"column":3}}},"2":{"name":"(anonymous_13)","decl":{"start":{"line":44,"column":6},"end":{"line":44,"column":10}},"loc":{"start":{"line":44,"column":14},"
[...]
,"/Users/lusansui/Documents/trae_build_project/project_baoyan/backend/src/modules/university/university.module.ts": {"path":"/Users/lusansui/Documents/trae_build_project/project_baoyan/backend/src/modules/university/university.module.ts","statementMap":{"0":{"start":{"line":1,"column":0},"end":{"line":1,"column":40}},"1":{"start":{"line":2,"column":0},"end":{"line":2,"column":63}},"2":{"start":{"line":3,"column":0},"end":{"line":3,"column":57}},"3":{"start":{"line":4,"column":0},"end":{"line":4,"column":58}},"4":{"start":{"line":12,"column":7},"end":{"line":12,"column":null}},"5":{"start":{"line":12,"column":13},"end":{"line":12,"column":29}},"6":{"start":{"line":12,"column":13},"end":{"line":12,"column":null}}},"fnMap":{},"branchMap":{},"s":{"0":0,"1":0,"2":0,"3":0,"4":0,"5":0,"6":0},"f":{},"b":{}}
,"/Users/lusansui/Documents/trae_build_project/project_baoyan/backend/src/modules/university/university.service.ts": {"path":"/Users/lusansui/Documents/trae_build_project/project_baoyan/backend/src/modules/university/university.service.ts","statementMap":{"0":{"start":{"line":1,"column":0},"end":{"line":1,"column":63}},"1":{"start":{"line":2,"column":0},"end":{"line":2,"column":57}},"2":{"start":{"line":3,"column":0},"end":{"line":3,"column":67}},"3":{"start":{"line":7,"column":7},"end":{"line":150,"column":null}},"4":{"start":{"line":9,"column":21},"end":{"line":9,"column":29}},"5":{"start":{"line":10,"column":21},"end":{"line":10,"column":35}},"6":{"start":{"line":18,"column":71},"end":{"line":18,"column":76}},"7":{"start":{"line":19,"column":17},"end":{"line":19,"column":35}},"8":{"start":{"line":22,"column":23},"end":{"line":22,"column":25}},"9":{"start":{"line":24,"column":4},"end":{"line":26,"column":5}},"10":{"start":{"line":25,"column":6},"end":{"line":25,"column":28}},"11":{"start":{"line":28,"column":4},"end":{"line":30,"column":5}},"12":{"start":{"line":29,"column":6},"end":{"line":29,"column":26}},"13":{"start":{"line":32,"column":4},"end":{"line":36,"column":5}},"14":{"start":{"line":33,"column":6},"end":{"line":35,"column":8}},"15":{"start":{"line":39,"column":25},"end":{"line":39,"column":27}},"16":{"start":{"line":40,"column":4},"end":{"line":40,"column":32}},"17":{"start":{"line":43,"column":26},"end":{"line":66,"column":6}},"18":{"start":{"line":68,"column":4},"end":{"line":81,"column":6}},"19":{"start":{"line":69,"column":29},"end":{"line":74,"column":8}},"20":{"start":{"line":89,"column":23},"end":{"line":111,"column":6}},"21":{"start":{"line":113,"column":4},"end":{"line":115,"column":5}},"22":{"start":{"line":114,"column":6},"end":{"line":114,"column":43}},"23":{"start":{"line":117,"column":4},"end":{"line":117,"column":22}},"24":{"start":{"line":125,"column":23},"end":{"line":127,"column":6}},"25":{"start":{"line":129,"column":4},"end":{"line":131,"column":5}},"26":{"start":{"line":130,"column":6},"end":{"line":130,"column":43}},"27":{"start":{"line":133,"column":19},"end":{"line":141,"column":6}},"28":{"start":{"line":143,"column":4},"end":{"line":148,"column":6}},"29":{"start":{"line":7,"column":13},"end":{"line":7,"column":30}},"30":{"start":{"line":7,"column":13},"end":{"line":150,"column":null}}},"fnMap":{"0":{"name":"(anonymous_2)","decl":{"start":{"line":8,"column":2},"end":{"line":8,"column":null}},"loc":{"start":{"line":10,"column":47},"end":{"line":11,"column":6}}},"1":{"name":"(anonymous_3)","decl":{"start":{"line":17,"column":2},"end":{"line":17,"column":7}},"loc":{"start":{"line":17,"column":41},"end":{"line":82,"column":3}}},"2":{"name":"(anonymous_4)","decl":{"start":{"line":69,"column":21},"end":{"line":69,"column":24}},"loc":{"start":{"line":69,"column":29},"end":{"line":74,"column":8}}},"3":{"name":"(anonymous_5)","decl":{"start":{"line":88,"column":2},"end":{"line":88,"column":7}},"loc":{"start":{"line":88,"column":26},"end":{"line":118,"column":3}}},"4":{"name":"(anonymous_6)","decl":{"start":{"line":123,"column":2},"end":{"line":123,"column":7}},"loc":{"start":{"line":123,"column":39},"end":{"line":149,"column":3}}}},"branchMap":{"0":{"loc":{"start":{"line":24,"column":4},"end":{"line":26,"column":5}},"type":"if","locations":[{"start":{"line":24,"column":4},"end":{"line":26,"column":5}}]},"1":{"loc":{"start":{"line":28,"column":4},"end":{"line":30,"column":5}},"type":"if","locations":[{"start":{"line":28,"column":4},"end":{"line":30,"column":5}}]},"2":{"loc":{"start":{"line":32,"column":4},"end":{"line":36,"column":5}},"type":"if","locations":[{"start":{"line":32,"column":4},"end":{"line":36,"column":5}}]},"3":{"loc":{"start":{"line":113,"column":4},"end":{"line":115,"column":5}},"type":"if","locations":[{"start":{"line":113,"column":4},"end":{"line":115,"column":5}}]},"4":{"loc":{"start":{"line":129,"column":4},"end":{"line":131,"column":5}},"type":"if","locations":[{"start":{"line":129,"column":4},"end":{"line":131,"column":5}}]}},"s":{"0":1,"1":1,"2":1,"3":1,"4":9,"5":9,"6":9,"7":9,"8":9,"9":9,"10":3,"11":9,"12":2,"13":9,"14":0,"15":9,"16":9,"17":9,"18":9,"19":18,"20":0,"21":0,"22":0,"23":0,"24":0,"25":0,"26":0,"27":0,"28":0,"29":1,"30":1},"f":{"0":9,"1":9,"2":18,"3":0,"4":0},"b":{"0":[3],"1":[2],"2":[0],"3":[0],"4":[0]}}
,"/Users/lusansui/Documents/trae_build_project/project_baoyan/backend/src/modules/university/dto/query-university.dto.ts": {"path":"/Users/lusansui/Documents/trae_build_project/project_baoyan/backend/src/modules/university/dto/query-university.dto.ts","statementMap":{"0":{"start":{"line":1,"column":0},"end":{"line":1,"column":75}},"1":{"start":{"line":2,"column":0},"end":{"line":2,"column":46}},"2":{"start":{"line":12,"column":2},"end":{"line":12,"column":20}},"3":{"start":{"line":19,"column":2},"end":{"line":19,"column":22}},"4":{"start":{"line":39,"column":2},"end":{"line":39,"column":31}},"5":{"start":{"line":44,"column":2},"end":{"line":44,"column":37}},"6":{"start":{"line":7,"column":0},"end":{"line":7,"column":13}},"7":{"start":{"line":12,"column":2},"end":{"line":12,"column":null}},"8":{"start":{"line":19,"column":2},"end":{"line":19,"column":null}},"9":{"start":{"line":24,"column":2},"end":{"line":24,"column":null}},"10":{"start":{"line":29,"column":2},"end":{"line":29,"column":null}},"11":{"start":{"line":34,"column":2},"end":{"line":34,"column":null}},"12":{"start":{"line":39,"column":2},"end":{"line":39,"column":null}},"13":{"start":{"line":44,"column":2},"end":{"line":44,"column":null}}},"fnMap":{"0":{"name":"(anonymous_2)","decl":{"start":{"line":7,"column":0},"end":{"line":7,"column":13}},"loc":{"start":{"line":7,"column":0},"end":{"line":45,"column":1}}}},"branchMap":{},"s":{"0":0,"1":0,"2":0,"3":0,"4":0,"5":0,"6":0,"7":0,"8":0,"9":0,"10":0,"11":0,"12":0,"13":0},"f":{"0":0},"b":{}}
,"/Users/lusansui/Documents/trae_build_project/project_baoyan/backend/src/modules/user/user.controller.ts": {"path":"/Users/lusansui/Documents/trae_build_project/project_baoyan/backend/src/modules/user/user.controller.ts","statementMap":{"0":{"start":{"line":1,"column":0},"end":{"line":1,"column":71}},"1":{"start":{"line":2,"column":0},"end":{"line":2,"column":71}},"2":{"start":{"line":3,"column":0},"end":{"line":3,"column":45}},"3":{"start":{"line":4,"column":0},"end":{"line":4,"column":66}},"4":{"start":{"line":5,"column":0},"end":{"line":5,"column":77}},"5":{"start":{"line":6,"column":0},"end":{"line":6,"column":64}},"6":{"start":{"line":12,"column":7},"end":{"line":35,"column":null}},"7":{"start":{"line":13,"column":31},"end":{"line":13,"column":44}},"8":{"start":{"line":18,"column":4},"end":{"line":18,"column":47}},"9":{"start":{"line":24,"column":4},"end":{"line":24,"column":49}},"10":{"start":{"line":33,"column":4},"end":{"line":33,"column":57}},"11":{"start":{"line":12,"column":13},"end":{"line":12,"column":27}},"12":{"start":{"line":17,"column":8},"end":{"line":19,"column":null}},"13":{"start":{"line":23,"column":8},"end":{"line":25,"column":null}},"14":{"start":{"line":29,"column":8},"end":{"line":34,"column":null}},"15":{"start":{"line":12,"column":13},"end":{"line":35,"column":null}}},"fnMap":{"0":{"name":"(anonymous_4)","decl":{"start":{"line":13,"column":2},"end":{"line":13,"column":31}},"loc":{"start":{"line":13,"column":55},"end":{"line":13,"column":59}}},"1":{"name":"(anonymous_5)","decl":{"start":{"line":17,"column":2},"end":{"line":17,"column":7}},"loc":{"start":{"line":17,"column":53},"end":{"line":19,"column":3}}},"2":{"name":"(anonymous_6)","decl":{"start":{"line":23,"column":2},"end":{"line":23,"column":7}},"loc":{"start":{"line":23,"column":55},"end":{"line":25,"column":3}}},"3":{"name":"(anonymous_7)","decl":{"start":{"line":29,"column":2},"end":{"line":29,"column":7}},"loc":{"start":{"line":31,"column":35},"end":{"line":34,"column":3}}}},"branchMap":{},"s":{"0":0,"1":0,"2":0,"3":0,"4":0,"5":0,"6":0,"7":0,"8":0,"9":0,"10":0,"11":0,"12":0,"13":0,"14":0,"15":0},"f":{"0":0,"1":0,"2":0,"3":0},"b":{}}
,"/Users/lusansui/Documents/trae_build_project/project_baoyan/backend/src/modules/user/user.module.ts": {"path":"/Users/lusansui/Documents/trae_build_project/project_baoyan/backend/src/modules/user/user.module.ts","statementMap":{"0":{"start":{"line":1,"column":0},"end":{"line":1,"column":40}},"1":{"start":{"line":2,"column":0},"end":{"line":2,"column":51}},"2":{"start":{"line":3,"column":0},"end":{"line":3,"column":45}},"3":{"start":{"line":10,"column":7},"end":{"line":10,"column":null}},"4":{"start":{"line":10,"column":13},"end":{"line":10,"column":23}},"5":{"start":{"line":10,"column":13},"end":{"line":10,"column":null}}},"fnMap":{},"branchMap":{},"s":{"0":0,"1":0,"2":0,"3":0,"4":0,"5":0},"f":{},"b":{}}
,"/Users/lusansui/Documents/trae_build_project/project_baoyan/backend/src/modules/user/user.service.ts": {"path":"/Users/lusansui/Documents/trae_build_project/project_baoyan/backend/src/modules/user/user.service.ts","statementMap":{"0":{"start":{"line":1,"column":0},"end":{"line":1,"column":92}},"1":{"start":{"line":2,"column":0},"end":{"line":2,"column":57}},"2":{"start":{"line":6,"column":24},"end":{"line":182,"column":null}},"3":{"start":{"line":9,"column":31},"end":{"line":9,"column":39}},"4":{"start":{"line":7,"column":19},"end":{"line":7,"column":57}},"5":{"start":{"line":18,"column":4},"end":{"line":20,"column":5}},"6":{"start":{"line":19,"column":6},"end":{"line":19,"column":26}},"7":{"start":{"line":21,"column":4},"end":{"line":26,"column":5}},"8":{"start":{"line":22,"column":6},"end":{"line":22,"column":41}},"9":{"start":{"line":24,"column":6},"end":{"line":24,"column":66}},"10":{"start":{"line":25,"column":6},"end":{"line":25,"column":26}},"11":{"start":{"line":33,"column":17},"end":{"line":46,"column":6}},"12":{"start":{"line":48,"column":4},"end":{"line":50,"column":5}},"13":{"start":{"line":49,"column":6},"end":{"line":49,"column":43}},"14":{"start":{"line":52,"column":4},"end":{"line":58,"column":6}},"15":{"start":{"line":65,"column":22},"end":{"line":67,"column":6}},"16":{"start":{"line":69,"column":4},"end":{"line":74,"column":5}},"17":{"start":{"line":70,"column":6},"end":{"line":73,"column":8}},"18":{"start":{"line":77,"column":26},"end":{"line":77,"column":83}},"19":{"start":{"line":78,"column":21},"end":{"line":78,"column":73}},"20":{"start":{"line":81,"column":25},"end":{"line":89,"column":6}},"21":{"start":{"line":92,"column":19},"end":{"line":105,"column":6}},"22":{"start":{"line":107,"column":4},"end":{"line":112,"column":6}},"23":{"start":{"line":119,"column":40},"end":{"line":119,"column":43}},"24":{"start":{"line":122,"column":17},"end":{"line":124,"column":6}},"25":{"start":{"line":126,"column":4},"end":{"line":128,"column":5}},"26":{"start":{"line":127,"column":6},"end":{"line":127,"column":43}},"27":{"start":{"line":131,"column":4},"end":{"line":143,"column":5}},"28":{"start":{"line":132,"column":32},"end":{"line":135,"column":8}},"29":{"start":{"line":137,"column":23},"end":{"line":137,"column":55}},"30":{"start":{"line":137,"column":50},"end":{"line":137,"column":54}},"31":{"start":{"line":138,"column":25},"end":{"line":138,"column":75}},"32":{"start":{"line":138,"column":52},"end":{"line":138,"column":74}},"33":{"start":{"line":140,"column":6},"end":{"line":142,"column":7}},"34":{"start":{"line":141,"column":8},"end":{"line":141,"column":73}},"35":{"start":{"line":146,"column":4},"end":{"line":158,"column":5}},"36":{"start":{"line":147,"column":26},"end":{"line":150,"column":8}},"37":{"start":{"line":152,"column":23},"end":{"line":152,"column":49}},"38":{"start":{"line":152,"column":44},"end":{"line":152,"column":48}},"39":{"start":{"line":153,"column":25},"end":{"line":153,"column":70}},"40":{"start":{"line":153,"column":47},"end":{"line":153,"column":69}},"41":{"start":{"line":155,"column":6},"end":{"line":157,"column":7}},"42":{"start":{"line":156,"column":8},"end":{"line":156,"column":73}},"43":{"start":{"line":161,"column":22},"end":{"line":172,"column":6}},"44":{"start":{"line":174,"column":4},"end":{"line":180,"column":6}},"45":{"start":{"line":6,"column":13},"end":{"line":6,"column":24}},"46":{"start":{"line":6,"column":13},"end":{"line":182,"column":null}}},"fnMap":{"0":{"name":"(anonymous_2)","decl":{"start":{"line":9,"column":2},"end":{"line":9,"column":31}},"loc":{"start":{"line":9,"column":52},"end":{"line":9,"column":56}}},"1":{"name":"(anonymous_3)","decl":{"start":{"line":17,"column":10},"end":{"line":17,"column":23}},"loc":{"start":{"line":17,"column":81},"end":{"line":27,"column":3}}},"2":{"name":"(anonymous_4)","decl":{"start":{"line":32,"column":2},"end":{"line":32,"column":7}},"loc":{"start":{"line":32,"column":33},"end":{"line":59,"column":3}}},"3":{"name":"(anonymous_5)","decl":{"start":{"line":64,"column":2},"end":{"line":64,"column":7}},"loc":{"start":{"line":64,"column":35},"end":{"line":113,"column":3}}},"4":{"name":"(anonymous_6)","decl":{"start":{"line":118,"column":2},"end":{"line":118,"column":7}},"loc":{"start":{"line":118,"column":63},"end":{"line":181,"column":3}}},"5":{"name":"(anonymous_7)","decl":{"start":{"line":137,"column":45},"end":{"line":137,"column":46}},"loc":{"start":{"line":137,"column":50},"end":{"line":137,"column":54}}},"6":{"name":"(anonymous_8)","decl":{"start":{"line":138,"column":46},"end":{"line":138,"column":48}},"loc":{"start":{"line":138,"column":52},"end":{"line":138,"column":74}}},"7":{"name":"(anonymous_9)","decl":{"start":{"line":152,"column":39},"end":{"line":152,"column":40}},"loc":{"start":{"line":152,"column":44},"end":{"line":152,"column":48}}},"8":{"name":"(anonymous_10)","decl":{"start":{"line":153,"column":41},"end":{"line":153,"column":43}},"loc":{"start":{"line":153,"column":47},"end":{"line":153,"column":69}}}},"branchMap":{"0":{"loc":{"start":{"line":18,"column":4},"end":{"line":20,"column":5}},"type":"if","locations":[{"start":{"line":18,"column":4},"end":{"line":20,"column":5}}]},"1":{"loc":{"start":{"line":48,"column":4},"end":{"line":50,"column":5}},"type":"if","locations":[{"start":{"line":48,"column":4},"end":{"line":50,"column":5}}]},"2":{"loc":{"start":{"line":54,"column":17},"end":{"line":57,"column":null}},"type":"binary-expr","locations":[{"start":{"line":54,"column":17},"end":{"line":54,"column":31}},{"start":{"line":54,"column":35},"end":{"line":57,"column":null}}]},"3":{"loc":{"start":{"line":69,"column":4},"end":{"line":74,"column":5}},"type":"if","locations":[{"start":{"line":69,"column":4},"end":{"line":74,"column":5}}]},"4":{"loc":{"start":{"line":126,"column":4},"end":{"line":128,"column":5}},"type":"if","locations":[{"start":{"line":126,"column":4},"end":{"line":128,"column":5}}]},"5":{"loc":{"start":{"line":131,"column":4},"end":{"line":143,"column":5}},"type":"if","locations":[{"start":{"line":131,"column":4},"end":{"line":143,"column":5}}]},"6":{"loc":{"start":{"line":131,"column":8},"end":{"line":131,"column":49}},"type":"binary-expr","locations":[{"start":{"line":131,"column":8},"end":{"line":131,"column":21}},{"start":{"line":131,"column":25},"end":{"line":131,"column":49}}]},"7":{"loc":{"start":{"line":140,"column":6},"end":{"line":142,"column":7}},"type":"if","locations":[{"start":{"line":140,"column":6},"end":{"line":142,"column":7}}]},"8":{"loc":{"start":{"line":146,"column":4},"end":{"line":158,"column":5}},"type":"if","locations":[{"start":{"line":146,"column":4},"end":{"line":158,"column":5}}]},"9":{"loc":{"start":{"line":146,"column":8},"end":{"line":146,"column":39}},"type":"binary-expr","locations":[{"start":{"line":146,"column":8},"end":{"line":146,"column":16}},{"start":{"line":146,"column":20},"end":{"line":146,"column":39}}]},"10":{"loc":{"start":{"line":155,"column":6},"end":{"line":157,"column":7}},"type":"if","locations":[{"start":{"line":155,"column":6},"end":{"line":157,"column":7}}]},"11":{"loc":{"start":{"line":164,"column":23},"end":{"line":164,"column":80}},"type":"cond-expr","locations":[{"start":{"line":164,"column":39},"end":{"line":164,"column":68}},{"start":{"line":164,"column":71},"end":{"line":164,"column":80}}]},"12":{"loc":{"start":{"line":165,"column":18},"end":{"line":165,"column":65}},"type":"cond-expr","locations":[{"start":{"line":165,"column":29},"end":{"line":165,"column":53}},{"start":{"line":165,"column":56},"end":{"line":165,"column":65}}]},"13":{"loc":{"start":{"line":169,"column":38},"end":{"line":169,"column":57}},"type":"binary-expr","locations":[{"start":{"line":169,"column":38},"end":{"line":169,"column":51}},{"start":{"line":169,"column":55},"end":{"line":169,"column":57}}]},"14":{"loc":{"start":{"line":170,"column":33},"end":{"line":170,"column":47}},"type":"binary-expr","locations":[{"start":{"line":170,"column":33},"end":{"line":170,"column":41}},{"start":{"line":170,"column":45},"end":{"line":170,"column":47}}]}},"s":{"0":1,"1":1,"2":1,"3":20,"4":20,"5":32,"6":2,"7":30,"8":30,"9":1,"10":1,"11":5,"12":5,"13":3,"14":2,"15":6,"16":6,"17":1,"18":5,"19":5,"20":5,"21":5,"22":5,"23":16,"24":16,"25":16,"26":1,"27":15,"28":11,"29":11,"30":112,"31":11,"32":114,"33":11,"34":2,"35":13,"36":5,"37":5,"38":104,"39":5,"40":106,"41":5,"42":2,"43":11,"44":11,"45":1,"46":1},"f":{"0":20,"1":32,"2":5,"3":6,"4":16,"5":112,"6":114,"7":104,"8":106},"b":{"0":[2],"1":[3],"2":[2,1],"3":[1],"4":[1],"5":[11],"6":[15,12],"7":[2],"8":[5],"9":[13,6],"10":[2],"11":[10,1],"12":[4,7],"13":[11,1],"14":[11,7]}}
,"/Users/lusansui/Documents/trae_build_project/project_baoyan/backend/src/modules/user/dto/update-selection.dto.ts": {"path":"/Users/lusansui/Documents/trae_build_project/project_baoyan/backend/src/modules/user/dto/update-selection.dto.ts","statementMap":{"0":{"start":{"line":1,"column":0},"end":{"line":1,"column":62}},"1":{"start":{"line":2,"column":0},"end":{"line":2,"column":46}},"2":{"start":{"line":7,"column":0},"end":{"line":7,"column":13}},"3":{"start":{"line":12,"column":2},"end":{"line":12,"column":null}},"4":{"start":{"line":18,"column":2},"end":{"line":18,"column":null}}},"fnMap":{},"branchMap":{},"s":{"0":0,"1":0,"2":0,"3":0,"4":0},"f":{},"b":{}}
}
