TN:
SF:src/app.module.ts
FN:42,(anonymous_1)
FNF:1
FNH:0
FNDA:0,(anonymous_1)
DA:1,0
DA:2,0
DA:3,0
DA:4,0
DA:5,0
DA:6,0
DA:7,0
DA:8,0
DA:9,0
DA:10,0
DA:11,0
DA:12,0
DA:13,0
DA:41,0
DA:43,0
LF:15
LH:0
BRF:0
BRH:0
end_of_record
TN:
SF:src/common/common.module.ts
FN:17,(anonymous_1)
FNF:1
FNH:0
FNDA:0,(anonymous_1)
DA:1,0
DA:2,0
DA:3,0
DA:4,0
DA:5,0
DA:17,0
DA:29,0
LF:7
LH:0
BRF:0
BRH:0
end_of_record
TN:
SF:src/common/decorators/cache.decorator.ts
FN:23,(anonymous_0)
FN:24,(anonymous_1)
FN:45,(anonymous_2)
FNF:3
FNH:0
FNDA:0,(anonymous_0)
FNDA:0,(anonymous_1)
FNDA:0,(anonymous_2)
DA:1,0
DA:6,0
DA:7,0
DA:23,0
DA:24,0
DA:29,0
DA:30,0
DA:31,0
DA:45,0
DA:46,0
LF:10
LH:0
BRDA:23,0,0,0
BRF:1
BRH:0
end_of_record
TN:
SF:src/common/decorators/current-user.decorator.ts
FN:8,(anonymous_0)
FNF:1
FNH:0
FNDA:0,(anonymous_0)
DA:1,0
DA:7,0
DA:9,0
DA:10,0
DA:12,0
LF:5
LH:0
BRDA:12,0,0,0
BRDA:12,0,1,0
BRF:2
BRH:0
end_of_record
TN:
SF:src/common/filters/http-exception.filter.ts
FN:16,(anonymous_1)
FN:19,(anonymous_2)
FN:48,(anonymous_3)
FN:62,(anonymous_4)
FN:72,(anonymous_5)
FNF:5
FNH:0
FNDA:0,(anonymous_1)
FNDA:0,(anonymous_2)
FNDA:0,(anonymous_3)
FNDA:0,(anonymous_4)
FNDA:0,(anonymous_5)
DA:1,0
DA:16,0
DA:17,0
DA:20,0
DA:21,0
DA:22,0
DA:24,0
DA:25,0
DA:28,0
DA:37,0
DA:42,0
DA:49,0
DA:56,0
DA:63,0
DA:64,0
DA:66,0
DA:73,0
DA:74,0
DA:76,0
LF:19
LH:0
BRDA:56,0,0,0
BRDA:56,0,1,0
BRDA:63,1,0,0
BRDA:66,2,0,0
BRDA:66,2,1,0
BRDA:73,3,0,0
BRDA:74,4,0,0
BRDA:74,4,1,0
BRF:8
BRH:0
end_of_record
TN:
SF:src/common/guards/jwt-auth.guard.ts
FN:16,(anonymous_2)
FN:21,(anonymous_3)
FN:46,(anonymous_4)
FNF:3
FNH:0
FNDA:0,(anonymous_2)
FNDA:0,(anonymous_3)
FNDA:0,(anonymous_4)
DA:1,0
DA:7,0
DA:8,0
DA:15,0
DA:17,0
DA:18,0
DA:22,0
DA:23,0
DA:25,0
DA:26,0
DA:29,0
DA:30,0
DA:35,0
DA:37,0
DA:39,0
DA:47,0
DA:48,0
LF:17
LH:0
BRDA:25,0,0,0
BRDA:47,1,0,0
BRDA:47,1,1,0
BRDA:48,2,0,0
BRDA:48,2,1,0
BRF:5
BRH:0
end_of_record
TN:
SF:src/common/middleware/logger.middleware.ts
FN:9,(anonymous_1)
FN:12,(anonymous_2)
FN:21,(anonymous_3)
FNF:3
FNH:0
FNDA:0,(anonymous_1)
FNDA:0,(anonymous_2)
FNDA:0,(anonymous_3)
DA:1,0
DA:9,0
DA:10,0
DA:13,0
DA:14,0
DA:15,0
DA:18,0
DA:21,0
DA:22,0
DA:23,0
DA:24,0
DA:26,0
DA:28,0
DA:29,0
DA:30,0
DA:31,0
DA:33,0
DA:37,0
LF:18
LH:0
BRDA:15,0,0,0
BRDA:15,0,1,0
BRDA:24,1,0,0
BRDA:24,1,1,0
BRDA:28,2,0,0
BRDA:28,2,1,0
BRDA:30,3,0,0
BRDA:30,3,1,0
BRF:8
BRH:0
end_of_record
TN:
SF:src/common/middleware/rate-limit.middleware.ts
FN:23,(anonymous_2)
FN:28,(anonymous_3)
FN:31,(anonymous_4)
FN:80,(anonymous_5)
FN:92,(anonymous_6)
FNF:5
FNH:0
FNDA:0,(anonymous_2)
FNDA:0,(anonymous_3)
FNDA:0,(anonymous_4)
FNDA:0,(anonymous_5)
FNDA:0,(anonymous_6)
DA:1,0
DA:3,0
DA:18,0
DA:19,0
DA:23,0
DA:24,0
DA:25,0
DA:28,0
DA:32,0
DA:33,0
DA:36,0
DA:38,0
DA:40,0
DA:44,0
DA:47,0
DA:51,0
DA:52,0
DA:54,0
DA:55,0
DA:56,0
DA:57,0
DA:59,0
DA:70,0
DA:71,0
DA:72,0
DA:74,0
DA:81,0
DA:82,0
DA:86,0
DA:93,0
DA:94,0
DA:95,0
DA:96,0
LF:33
LH:0
BRDA:38,0,0,0
BRDA:38,0,1,0
BRDA:38,1,0,0
BRDA:38,1,1,0
BRDA:51,2,0,0
BRDA:82,3,0,0
BRDA:82,3,1,0
BRDA:83,4,0,0
BRDA:83,4,1,0
BRDA:84,5,0,0
BRDA:84,5,1,0
BRDA:84,5,2,0
BRDA:95,6,0,0
BRF:13
BRH:0
end_of_record
TN:
SF:src/common/services/deepseek.service.ts
FN:60,(anonymous_3)
FN:75,(anonymous_4)
FN:110,(anonymous_5)
FN:147,(anonymous_6)
FN:196,(anonymous_7)
FN:232,(anonymous_8)
FN:251,(anonymous_9)
FNF:7
FNH:0
FNDA:0,(anonymous_3)
FNDA:0,(anonymous_4)
FNDA:0,(anonymous_5)
FNDA:0,(anonymous_6)
FNDA:0,(anonymous_7)
FNDA:0,(anonymous_8)
FNDA:0,(anonymous_9)
DA:1,0
DA:2,0
DA:3,0
DA:53,0
DA:54,0
DA:57,0
DA:60,0
DA:61,0
DA:62,0
DA:66,0
DA:80,0
DA:81,0
DA:82,0
DA:86,0
DA:87,0
DA:88,0
DA:91,0
DA:92,0
DA:93,0
DA:95,0
DA:96,0
DA:97,0
DA:100,0
DA:102,0
DA:103,0
DA:114,0
DA:148,0
DA:149,0
DA:176,0
DA:177,0
DA:180,0
DA:182,0
DA:183,0
DA:187,0
DA:189,0
DA:197,0
DA:199,0
DA:204,0
DA:207,0
DA:208,0
DA:209,0
DA:212,0
DA:224,0
DA:225,0
DA:233,0
DA:237,0
DA:240,0
DA:241,0
DA:242,0
DA:245,0
DA:257,0
DA:262,0
LF:52
LH:0
BRDA:80,0,0,0
BRDA:80,1,0,0
BRDA:80,1,1,0
BRDA:86,2,0,0
BRDA:95,3,0,0
BRDA:176,4,0,0
BRDA:176,5,0,0
BRDA:176,5,1,0
BRDA:182,6,0,0
BRDA:182,6,1,0
BRDA:207,7,0,0
BRDA:218,8,0,0
BRDA:218,8,1,0
BRDA:219,9,0,0
BRDA:219,9,1,0
BRDA:220,10,0,0
BRDA:220,10,1,0
BRDA:221,11,0,0
BRDA:221,11,1,0
BRDA:240,12,0,0
BRF:20
BRH:0
end_of_record
TN:
SF:src/common/services/monitoring.service.ts
FN:80,(anonymous_2)
FN:91,(anonymous_3)
FN:95,(anonymous_4)
FN:101,(anonymous_5)
FN:107,(anonymous_6)
FN:113,(anonymous_7)
FN:123,(anonymous_8)
FN:146,(anonymous_9)
FN:179,(anonymous_10)
FN:219,(anonymous_11)
FN:254,(anonymous_12)
FN:293,(anonymous_13)
FN:323,(anonymous_14)
FN:324,(anonymous_15)
FN:335,(anonymous_16)
FN:336,(anonymous_17)
FN:338,(anonymous_18)
FN:350,(anonymous_19)
FN:359,(anonymous_20)
FN:361,(anonymous_21)
FN:367,(anonymous_22)
FN:369,(anonymous_23)
FNF:22
FNH:0
FNDA:0,(anonymous_2)
FNDA:0,(anonymous_3)
FNDA:0,(anonymous_4)
FNDA:0,(anonymous_5)
FNDA:0,(anonymous_6)
FNDA:0,(anonymous_7)
FNDA:0,(anonymous_8)
FNDA:0,(anonymous_9)
FNDA:0,(anonymous_10)
FNDA:0,(anonymous_11)
FNDA:0,(anonymous_12)
FNDA:0,(anonymous_13)
FNDA:0,(anonymous_14)
FNDA:0,(anonymous_15)
FNDA:0,(anonymous_16)
FNDA:0,(anonymous_17)
FNDA:0,(anonymous_18)
FNDA:0,(anonymous_19)
FNDA:0,(anonymous_20)
FNDA:0,(anonymous_21)
FNDA:0,(anonymous_22)
FNDA:0,(anonymous_23)
DA:1,0
DA:2,0
DA:3,0
DA:4,0
DA:74,0
DA:75,0
DA:76,0
DA:77,0
DA:78,0
DA:81,0
DA:82,0
DA:83,0
DA:85,0
DA:92,0
DA:95,0
DA:101,0
DA:107,0
DA:113,0
DA:124,0
DA:125,0
DA:127,0
DA:140,0
DA:148,0
DA:155,0
DA:173,0
DA:180,0
DA:182,0
DA:187,0
DA:191,0
DA:205,0
DA:207,0
DA:208,0
DA:220,0
DA:222,0
DA:223,0
DA:224,0
DA:226,0
DA:227,0
DA:229,0
DA:230,0
DA:231,0
DA:232,0
DA:233,0
DA:234,0
DA:237,0
DA:238,0
DA:244,0
DA:248,0
DA:260,0
DA:261,0
DA:273,0
DA:274,0
DA:275,0
DA:277,0
DA:280,0
DA:283,0
DA:284,0
DA:287,0
DA:297,0
DA:303,0
DA:305,0
DA:306,0
DA:308,0
DA:311,0
DA:313,0
DA:314,0
DA:316,0
DA:320,0
DA:321,0
DA:323,0
DA:324,0
DA:326,0
DA:336,0
DA:337,0
DA:338,0
DA:339,0
DA:341,0
DA:342,0
DA:352,0
DA:353,0
DA:360,0
DA:361,0
DA:368,0
DA:369,0
DA:370,0
DA:371,0
LF:86
LH:0
BRDA:158,0,0,0
BRDA:158,0,1,0
BRDA:159,1,0,0
BRDA:159,1,1,0
BRDA:160,2,0,0
BRDA:160,2,1,0
BRDA:161,3,0,0
BRDA:161,3,1,0
BRDA:166,4,0,0
BRDA:166,4,1,0
BRDA:167,5,0,0
BRDA:167,5,1,0
BRDA:168,6,0,0
BRDA:168,6,1,0
BRDA:194,7,0,0
BRDA:194,7,1,0
BRDA:196,8,0,0
BRDA:196,8,1,0
BRDA:200,9,0,0
BRDA:200,9,1,0
BRDA:229,10,0,0
BRDA:229,10,1,0
BRDA:231,11,0,0
BRDA:231,11,1,0
BRDA:233,12,0,0
BRDA:237,13,0,0
BRDA:261,14,0,0
BRDA:261,14,1,0
BRDA:274,15,0,0
BRDA:274,15,1,0
BRDA:274,16,0,0
BRDA:274,16,1,0
BRDA:283,17,0,0
BRDA:327,18,0,0
BRDA:327,18,1,0
BRDA:327,19,0,0
BRDA:327,19,1,0
BRDA:353,20,0,0
BRDA:353,20,1,0
BRDA:360,21,0,0
BRDA:368,22,0,0
BRF:41
BRH:0
end_of_record
TN:
SF:src/common/services/redis.service.ts
FN:14,(anonymous_3)
FN:16,(anonymous_4)
FN:27,(anonymous_5)
FN:34,(anonymous_6)
FN:38,(anonymous_7)
FN:43,(anonymous_8)
FN:53,(anonymous_9)
FN:72,(anonymous_10)
FN:85,(anonymous_11)
FN:97,(anonymous_12)
FN:112,(anonymous_13)
FN:125,(anonymous_14)
FNF:12
FNH:0
FNDA:0,(anonymous_3)
FNDA:0,(anonymous_4)
FNDA:0,(anonymous_5)
FNDA:0,(anonymous_6)
FNDA:0,(anonymous_7)
FNDA:0,(anonymous_8)
FNDA:0,(anonymous_9)
FNDA:0,(anonymous_10)
FNDA:0,(anonymous_11)
FNDA:0,(anonymous_12)
FNDA:0,(anonymous_13)
FNDA:0,(anonymous_14)
DA:1,1
DA:2,1
DA:3,1
DA:10,1
DA:11,0
DA:14,0
DA:17,0
DA:18,0
DA:19,0
DA:20,0
DA:22,0
DA:28,0
DA:29,0
DA:34,0
DA:35,0
DA:38,0
DA:39,0
DA:44,0
DA:45,0
DA:54,0
DA:55,0
DA:56,0
DA:57,0
DA:59,0
DA:61,0
DA:62,0
DA:73,0
DA:74,0
DA:75,0
DA:77,0
DA:86,0
DA:87,0
DA:89,0
DA:98,0
DA:99,0
DA:100,0
DA:101,0
DA:104,0
DA:113,0
DA:114,0
DA:115,0
DA:117,0
DA:118,0
DA:129,0
DA:130,0
DA:131,0
DA:136,0
DA:137,0
LF:48
LH:4
BRDA:25,0,0,0
BRDA:25,0,1,0
BRDA:56,1,0,0
BRDA:100,2,0,0
BRF:4
BRH:0
end_of_record
TN:
SF:src/modules/auth/auth.controller.ts
FN:9,(anonymous_4)
FN:13,(anonymous_5)
FN:19,(anonymous_6)
FNF:3
FNH:0
FNDA:0,(anonymous_4)
FNDA:0,(anonymous_5)
FNDA:0,(anonymous_6)
DA:1,0
DA:2,0
DA:3,0
DA:4,0
DA:8,0
DA:9,0
DA:13,0
DA:14,0
DA:19,0
DA:20,0
DA:21,0
LF:11
LH:0
BRF:0
BRH:0
end_of_record
TN:
SF:src/modules/auth/auth.module.ts
FN:11,(anonymous_1)
FNF:1
FNH:0
FNDA:0,(anonymous_1)
DA:1,0
DA:2,0
DA:3,0
DA:4,0
DA:5,0
DA:11,0
DA:24,0
LF:7
LH:0
BRF:0
BRH:0
end_of_record
TN:
SF:src/modules/auth/auth.service.ts
FN:44,(anonymous_3)
FN:55,(anonymous_4)
FN:110,(anonymous_5)
FN:144,(anonymous_6)
FN:184,(anonymous_7)
FNF:5
FNH:5
FNDA:13,(anonymous_3)
FNDA:8,(anonymous_4)
FNDA:9,(anonymous_5)
FNDA:5,(anonymous_6)
FNDA:4,(anonymous_7)
DA:1,1
DA:2,1
DA:3,1
DA:4,1
DA:5,1
DA:41,1
DA:42,13
DA:45,13
DA:46,13
DA:47,13
DA:57,8
DA:58,3
DA:61,5
DA:63,5
DA:65,5
DA:66,1
DA:67,1
DA:70,4
DA:73,4
DA:77,3
DA:78,1
DA:81,1
DA:85,3
DA:87,3
DA:89,3
DA:97,2
DA:98,1
DA:100,1
DA:101,1
DA:111,9
DA:112,2
DA:115,7
DA:116,7
DA:121,4
DA:125,3
DA:126,2
DA:129,1
DA:131,6
DA:132,2
DA:134,4
DA:135,4
DA:145,5
DA:146,5
DA:149,5
DA:150,0
DA:151,0
DA:157,5
DA:158,5
DA:171,5
DA:173,0
DA:174,0
DA:185,4
DA:186,4
DA:187,4
DA:189,4
DA:194,4
LF:56
LH:52
BRDA:57,0,0,3
BRDA:57,1,0,8
BRDA:57,1,1,6
BRDA:65,2,0,1
BRDA:77,3,0,1
BRDA:97,4,0,1
BRDA:111,5,0,2
BRDA:111,6,0,9
BRDA:111,6,1,8
BRDA:125,7,0,2
BRDA:131,8,0,2
BRDA:149,9,0,0
BRDA:149,10,0,5
BRDA:149,10,1,5
BRF:14
BRH:13
end_of_record
TN:
SF:src/modules/auth/dto/wx-login.dto.ts
FNF:0
FNH:0
DA:1,0
DA:2,0
DA:4,0
DA:8,0
LF:4
LH:0
BRF:0
BRH:0
end_of_record
TN:
SF:src/modules/camp/camp.controller.ts
FN:8,(anonymous_4)
FN:12,(anonymous_5)
FN:24,(anonymous_6)
FNF:3
FNH:0
FNDA:0,(anonymous_4)
FNDA:0,(anonymous_5)
FNDA:0,(anonymous_6)
DA:1,0
DA:2,0
DA:3,0
DA:7,0
DA:8,0
DA:12,0
DA:18,0
DA:24,0
DA:26,0
LF:9
LH:0
BRDA:13,0,0,0
BRDA:14,1,0,0
BRF:2
BRH:0
end_of_record
TN:
SF:src/modules/camp/camp.module.ts
FNF:0
FNH:0
DA:1,0
DA:2,0
DA:3,0
DA:10,0
LF:4
LH:0
BRF:0
BRH:0
end_of_record
TN:
SF:src/modules/camp/camp.service.ts
FN:6,(anonymous_2)
FN:8,(anonymous_3)
FN:46,(anonymous_4)
FNF:3
FNH:3
FNDA:13,(anonymous_2)
FNDA:11,(anonymous_3)
FNDA:2,(anonymous_4)
DA:1,1
DA:2,1
DA:5,1
DA:6,13
DA:14,11
DA:15,11
DA:17,11
DA:18,11
DA:19,11
DA:21,11
DA:35,11
DA:47,2
DA:69,2
DA:70,1
DA:73,1
LF:15
LH:15
BRDA:18,0,0,2
BRDA:19,1,0,2
BRDA:69,2,0,1
BRF:3
BRH:3
end_of_record
TN:
SF:src/modules/crawler/crawler.controller.ts
FN:11,(anonymous_4)
FN:17,(anonymous_5)
FN:26,(anonymous_6)
FN:32,(anonymous_7)
FNF:4
FNH:0
FNDA:0,(anonymous_4)
FNDA:0,(anonymous_5)
FNDA:0,(anonymous_6)
FNDA:0,(anonymous_7)
DA:1,0
DA:2,0
DA:3,0
DA:4,0
DA:10,0
DA:11,0
DA:17,0
DA:21,0
DA:26,0
DA:27,0
DA:32,0
DA:33,0
LF:12
LH:0
BRF:0
BRH:0
end_of_record
TN:
SF:src/modules/crawler/crawler.module.ts
FNF:0
FNH:0
DA:1,0
DA:2,0
DA:3,0
DA:10,0
LF:4
LH:0
BRF:0
BRH:0
end_of_record
TN:
SF:src/modules/crawler/crawler.service.ts
FN:29,(anonymous_11)
FN:41,(anonymous_12)
FN:44,(anonymous_13)
FN:86,(anonymous_14)
FN:147,(anonymous_15)
FN:148,(anonymous_16)
FN:157,(anonymous_17)
FN:158,(anonymous_18)
FN:175,(anonymous_19)
FN:180,(anonymous_20)
FN:185,(anonymous_21)
FN:195,(anonymous_22)
FN:200,(anonymous_23)
FN:205,(anonymous_24)
FN:214,(anonymous_25)
FN:223,(anonymous_26)
FN:253,(anonymous_27)
FN:263,(anonymous_28)
FN:298,(anonymous_29)
FNF:19
FNH:0
FNDA:0,(anonymous_11)
FNDA:0,(anonymous_12)
FNDA:0,(anonymous_13)
FNDA:0,(anonymous_14)
FNDA:0,(anonymous_15)
FNDA:0,(anonymous_16)
FNDA:0,(anonymous_17)
FNDA:0,(anonymous_18)
FNDA:0,(anonymous_19)
FNDA:0,(anonymous_20)
FNDA:0,(anonymous_21)
FNDA:0,(anonymous_22)
FNDA:0,(anonymous_23)
FNDA:0,(anonymous_24)
FNDA:0,(anonymous_25)
FNDA:0,(anonymous_26)
FNDA:0,(anonymous_27)
FNDA:0,(anonymous_28)
FNDA:0,(anonymous_29)
DA:1,0
DA:2,0
DA:3,0
DA:4,0
DA:5,0
DA:24,0
DA:25,0
DA:27,0
DA:30,0
DA:31,0
DA:34,0
DA:43,0
DA:44,0
DA:47,0
DA:48,0
DA:51,0
DA:54,0
DA:63,0
DA:70,0
DA:73,0
DA:75,0
DA:87,0
DA:88,0
DA:90,0
DA:91,0
DA:93,0
DA:94,0
DA:96,0
DA:97,0
DA:100,0
DA:102,0
DA:104,0
DA:105,0
DA:106,0
DA:109,0
DA:118,0
DA:121,0
DA:123,0
DA:124,0
DA:125,0
DA:128,0
DA:137,0
DA:140,0
DA:148,0
DA:149,0
DA:150,0
DA:158,0
DA:159,0
DA:160,0
DA:168,0
DA:170,0
DA:172,0
DA:173,0
DA:175,0
DA:176,0
DA:177,0
DA:180,0
DA:181,0
DA:182,0
DA:185,0
DA:186,0
DA:188,0
DA:189,0
DA:191,0
DA:195,0
DA:196,0
DA:200,0
DA:201,0
DA:202,0
DA:205,0
DA:206,0
DA:207,0
DA:208,0
DA:214,0
DA:215,0
DA:225,0
DA:232,0
DA:233,0
DA:234,0
DA:237,0
DA:238,0
DA:239,0
DA:242,0
DA:243,0
DA:244,0
DA:247,0
DA:254,0
DA:264,0
DA:265,0
DA:267,0
DA:270,0
DA:271,0
DA:273,0
DA:285,0
DA:299,0
LF:95
LH:0
BRDA:47,0,0,0
BRDA:56,1,0,0
BRDA:56,1,1,0
BRDA:93,2,0,0
BRDA:96,3,0,0
BRDA:114,4,0,0
BRDA:114,4,1,0
BRDA:186,5,0,0
BRDA:186,5,1,0
BRDA:206,6,0,0
BRDA:233,7,0,0
BRDA:238,8,0,0
BRDA:243,9,0,0
BRDA:265,10,0,0
BRDA:270,11,0,0
BRF:15
BRH:0
end_of_record
TN:
SF:src/modules/prisma/prisma.module.ts
FNF:0
FNH:0
DA:1,0
DA:2,0
DA:9,0
LF:3
LH:0
BRF:0
BRH:0
end_of_record
TN:
SF:src/modules/prisma/prisma.service.ts
FN:6,(anonymous_1)
FN:11,(anonymous_2)
FNF:2
FNH:0
FNDA:0,(anonymous_1)
FNDA:0,(anonymous_2)
DA:1,5
DA:2,5
DA:5,5
DA:7,0
DA:8,0
DA:12,0
DA:13,0
LF:7
LH:3
BRF:0
BRH:0
end_of_record
TN:
SF:src/modules/reminder/reminder.controller.ts
FN:12,(anonymous_4)
FN:19,(anonymous_5)
FN:30,(anonymous_6)
FN:36,(anonymous_7)
FNF:4
FNH:0
FNDA:0,(anonymous_4)
FNDA:0,(anonymous_5)
FNDA:0,(anonymous_6)
FNDA:0,(anonymous_7)
DA:1,0
DA:2,0
DA:3,0
DA:4,0
DA:5,0
DA:11,0
DA:12,0
DA:19,0
DA:25,0
DA:30,0
DA:31,0
DA:36,0
DA:37,0
LF:13
LH:0
BRF:0
BRH:0
end_of_record
TN:
SF:src/modules/reminder/reminder.module.ts
FNF:0
FNH:0
DA:1,0
DA:2,0
DA:3,0
DA:4,0
DA:11,0
LF:5
LH:0
BRF:0
BRH:0
end_of_record
TN:
SF:src/modules/reminder/reminder.scheduler.ts
FN:30,(anonymous_3)
FN:40,(anonymous_4)
FN:70,(anonymous_5)
FN:75,(anonymous_6)
FN:91,(anonymous_7)
FN:119,(anonymous_8)
FN:174,(anonymous_9)
FN:213,(anonymous_10)
FN:240,(anonymous_11)
FNF:9
FNH:0
FNDA:0,(anonymous_3)
FNDA:0,(anonymous_4)
FNDA:0,(anonymous_5)
FNDA:0,(anonymous_6)
FNDA:0,(anonymous_7)
FNDA:0,(anonymous_8)
FNDA:0,(anonymous_9)
FNDA:0,(anonymous_10)
FNDA:0,(anonymous_11)
DA:1,0
DA:2,0
DA:3,0
DA:4,0
DA:5,0
DA:27,0
DA:28,0
DA:31,0
DA:32,0
DA:40,0
DA:41,0
DA:43,0
DA:44,0
DA:46,0
DA:48,0
DA:66,0
DA:69,0
DA:70,0
DA:74,0
DA:75,0
DA:77,0
DA:79,0
DA:83,0
DA:91,0
DA:92,0
DA:94,0
DA:96,0
DA:98,0
DA:110,0
DA:112,0
DA:120,0
DA:122,0
DA:124,0
DA:136,0
DA:139,0
DA:148,0
DA:149,0
DA:151,0
DA:154,0
DA:156,0
DA:159,0
DA:167,0
DA:177,0
DA:178,0
DA:181,0
DA:182,0
DA:183,0
DA:186,0
DA:188,0
DA:191,0
DA:197,0
DA:198,0
DA:200,0
DA:206,0
DA:218,0
DA:230,0
DA:231,0
DA:233,0
DA:241,0
DA:242,0
LF:60
LH:0
BRDA:75,0,0,0
BRDA:75,0,1,0
BRDA:126,1,0,0
BRDA:126,1,1,0
BRDA:142,2,0,0
BRDA:142,2,1,0
BRDA:143,3,0,0
BRDA:143,3,1,0
BRDA:144,4,0,0
BRDA:144,4,1,0
BRDA:148,5,0,0
BRDA:148,5,1,0
BRDA:181,6,0,0
BRDA:181,7,0,0
BRDA:181,7,1,0
BRDA:197,8,0,0
BRDA:197,8,1,0
BRDA:230,9,0,0
BRDA:230,9,1,0
BRDA:241,10,0,0
BRF:20
BRH:0
end_of_record
TN:
SF:src/modules/reminder/reminder.service.ts
FN:6,(anonymous_2)
FN:16,(anonymous_3)
FN:67,(anonymous_4)
FN:73,(anonymous_5)
FNF:4
FNH:4
FNDA:18,(anonymous_2)
FNDA:10,(anonymous_3)
FNDA:5,(anonymous_4)
FNDA:3,(anonymous_5)
DA:1,1
DA:2,1
DA:5,1
DA:6,18
DA:22,10
DA:23,10
DA:26,10
DA:27,10
DA:28,1
DA:31,10
DA:56,9
DA:68,5
DA:74,3
LF:13
LH:13
BRDA:18,0,0,7
BRDA:19,1,0,7
BRDA:27,2,0,1
BRF:3
BRH:3
end_of_record
TN:
SF:src/modules/university/university.controller.ts
FN:9,(anonymous_4)
FN:13,(anonymous_5)
FN:20,(anonymous_6)
FN:27,(anonymous_7)
FNF:4
FNH:0
FNDA:0,(anonymous_4)
FNDA:0,(anonymous_5)
FNDA:0,(anonymous_6)
FNDA:0,(anonymous_7)
DA:1,0
DA:2,0
DA:3,0
DA:4,0
DA:8,0
DA:9,0
DA:13,0
DA:14,0
DA:20,0
DA:21,0
DA:27,0
DA:28,0
LF:12
LH:0
BRF:0
BRH:0
end_of_record
TN:
SF:src/modules/university/university.module.ts
FNF:0
FNH:0
DA:1,0
DA:2,0
DA:3,0
DA:4,0
DA:12,0
LF:5
LH:0
BRF:0
BRH:0
end_of_record
TN:
SF:src/modules/university/university.service.ts
FN:8,(anonymous_2)
FN:17,(anonymous_3)
FN:69,(anonymous_4)
FN:88,(anonymous_5)
FN:123,(anonymous_6)
FNF:5
FNH:3
FNDA:9,(anonymous_2)
FNDA:9,(anonymous_3)
FNDA:18,(anonymous_4)
FNDA:0,(anonymous_5)
FNDA:0,(anonymous_6)
DA:1,1
DA:2,1
DA:3,1
DA:7,1
DA:9,9
DA:10,9
DA:18,9
DA:19,9
DA:22,9
DA:24,9
DA:25,3
DA:28,9
DA:29,2
DA:32,9
DA:33,0
DA:39,9
DA:40,9
DA:43,9
DA:68,9
DA:69,18
DA:89,0
DA:113,0
DA:114,0
DA:117,0
DA:125,0
DA:129,0
DA:130,0
DA:133,0
DA:143,0
LF:29
LH:19
BRDA:24,0,0,3
BRDA:28,1,0,2
BRDA:32,2,0,0
BRDA:113,3,0,0
BRDA:129,4,0,0
BRF:5
BRH:2
end_of_record
TN:
SF:src/modules/university/dto/query-university.dto.ts
FN:7,(anonymous_2)
FNF:1
FNH:0
FNDA:0,(anonymous_2)
DA:1,0
DA:2,0
DA:7,0
DA:12,0
DA:19,0
DA:24,0
DA:29,0
DA:34,0
DA:39,0
DA:44,0
LF:10
LH:0
BRF:0
BRH:0
end_of_record
TN:
SF:src/modules/user/user.controller.ts
FN:13,(anonymous_4)
FN:17,(anonymous_5)
FN:23,(anonymous_6)
FN:29,(anonymous_7)
FNF:4
FNH:0
FNDA:0,(anonymous_4)
FNDA:0,(anonymous_5)
FNDA:0,(anonymous_6)
FNDA:0,(anonymous_7)
DA:1,0
DA:2,0
DA:3,0
DA:4,0
DA:5,0
DA:6,0
DA:12,0
DA:13,0
DA:17,0
DA:18,0
DA:23,0
DA:24,0
DA:29,0
DA:33,0
LF:14
LH:0
BRF:0
BRH:0
end_of_record
TN:
SF:src/modules/user/user.module.ts
FNF:0
FNH:0
DA:1,0
DA:2,0
DA:3,0
DA:10,0
LF:4
LH:0
BRF:0
BRH:0
end_of_record
TN:
SF:src/modules/user/user.service.ts
FN:9,(anonymous_2)
FN:17,(anonymous_3)
FN:32,(anonymous_4)
FN:64,(anonymous_5)
FN:118,(anonymous_6)
FN:137,(anonymous_7)
FN:138,(anonymous_8)
FN:152,(anonymous_9)
FN:153,(anonymous_10)
FNF:9
FNH:9
FNDA:20,(anonymous_2)
FNDA:32,(anonymous_3)
FNDA:5,(anonymous_4)
FNDA:6,(anonymous_5)
FNDA:16,(anonymous_6)
FNDA:112,(anonymous_7)
FNDA:114,(anonymous_8)
FNDA:104,(anonymous_9)
FNDA:106,(anonymous_10)
DA:1,1
DA:2,1
DA:6,1
DA:7,20
DA:9,20
DA:18,32
DA:19,2
DA:21,30
DA:22,30
DA:24,1
DA:25,1
DA:33,5
DA:48,5
DA:49,3
DA:52,2
DA:65,6
DA:69,6
DA:70,1
DA:77,5
DA:78,5
DA:81,5
DA:92,5
DA:107,5
DA:119,16
DA:122,16
DA:126,16
DA:127,1
DA:131,15
DA:132,11
DA:137,112
DA:138,114
DA:140,11
DA:141,2
DA:146,13
DA:147,5
DA:152,104
DA:153,106
DA:155,5
DA:156,2
DA:161,11
DA:174,11
LF:41
LH:41
BRDA:18,0,0,2
BRDA:48,1,0,3
BRDA:54,2,0,2
BRDA:54,2,1,1
BRDA:69,3,0,1
BRDA:126,4,0,1
BRDA:131,5,0,11
BRDA:131,6,0,15
BRDA:131,6,1,12
BRDA:140,7,0,2
BRDA:146,8,0,5
BRDA:146,9,0,13
BRDA:146,9,1,6
BRDA:155,10,0,2
BRDA:164,11,0,10
BRDA:164,11,1,1
BRDA:165,12,0,4
BRDA:165,12,1,7
BRDA:169,13,0,11
BRDA:169,13,1,1
BRDA:170,14,0,11
BRDA:170,14,1,7
BRF:22
BRH:22
end_of_record
TN:
SF:src/modules/user/dto/update-selection.dto.ts
FNF:0
FNH:0
DA:1,0
DA:2,0
DA:7,0
DA:12,0
DA:18,0
LF:5
LH:0
BRF:0
BRH:0
end_of_record
